Flow report for practica06
Fri May 19 09:02:02 2023
Quartus Prime Version 18.0.0 Build 614 04/24/2018 SJ Lite Edition


---------------------
; Table of Contents ;
---------------------
  1. Legal Notice
  2. Flow Summary
  3. Flow Settings
  4. Flow Non-Default Global Settings
  5. Flow Elapsed Time
  6. Flow OS Summary
  7. Flow Log
  8. Flow Messages
  9. Flow Suppressed Messages



----------------
; Legal Notice ;
----------------
Copyright (C) 2018  Intel Corporation. All rights reserved.
Your use of Intel Corporation's design tools, logic functions 
and other software and tools, and its AMPP partner logic 
functions, and any output files from any of the foregoing 
(including device programming or simulation files), and any 
associated documentation or information are expressly subject 
to the terms and conditions of the Intel Program License 
Subscription Agreement, the Intel Quartus Prime License Agreement,
the Intel FPGA IP License Agreement, or other applicable license
agreement, including, without limitation, that your use is for
the sole purpose of programming logic devices manufactured by
Intel and sold by Intel or its authorized distributors.  Please
refer to the applicable agreement for further details.



+----------------------------------------------------------------------------------+
; Flow Summary                                                                     ;
+------------------------------------+---------------------------------------------+
; Flow Status                        ; Successful - Fri May 19 09:02:02 2023       ;
; Quartus Prime Version              ; 18.0.0 Build 614 04/24/2018 SJ Lite Edition ;
; Revision Name                      ; practica06                                  ;
; Top-level Entity Name              ; implementacion                              ;
; Family                             ; MAX 10                                      ;
; Device                             ; 10M50DAF484C7G                              ;
; Timing Models                      ; Final                                       ;
; Total logic elements               ; 66 / 49,760 ( < 1 % )                       ;
;     Total combinational functions  ; 66 / 49,760 ( < 1 % )                       ;
;     Dedicated logic registers      ; 51 / 49,760 ( < 1 % )                       ;
; Total registers                    ; 51                                          ;
; Total pins                         ; 19 / 360 ( 5 % )                            ;
; Total virtual pins                 ; 0                                           ;
; Total memory bits                  ; 0 / 1,677,312 ( 0 % )                       ;
; Embedded Multiplier 9-bit elements ; 0 / 288 ( 0 % )                             ;
; Total PLLs                         ; 0 / 4 ( 0 % )                               ;
; UFM blocks                         ; 0 / 1 ( 0 % )                               ;
; ADC blocks                         ; 0 / 2 ( 0 % )                               ;
+------------------------------------+---------------------------------------------+


+-----------------------------------------+
; Flow Settings                           ;
+-------------------+---------------------+
; Option            ; Setting             ;
+-------------------+---------------------+
; Start date & time ; 05/19/2023 09:01:22 ;
; Main task         ; Compilation         ;
; Revision Name     ; practica06          ;
+-------------------+---------------------+


+--------------------------------------------------------------------------------------------------------------------------------+
; Flow Non-Default Global Settings                                                                                               ;
+-------------------------------------+----------------------------------------+---------------+----------------+----------------+
; Assignment Name                     ; Value                                  ; Default Value ; Entity Name    ; Section Id     ;
+-------------------------------------+----------------------------------------+---------------+----------------+----------------+
; COMPILER_SIGNATURE_ID               ; 1098531675395.168450848216356          ; --            ; --             ; --             ;
; EDA_OUTPUT_DATA_FORMAT              ; Vhdl                                   ; --            ; --             ; eda_simulation ;
; EDA_SIMULATION_TOOL                 ; ModelSim-Altera (VHDL)                 ; <None>        ; --             ; --             ;
; EDA_TIME_SCALE                      ; 1 ps                                   ; --            ; --             ; eda_simulation ;
; MAX_CORE_JUNCTION_TEMP              ; 85                                     ; --            ; --             ; --             ;
; MIN_CORE_JUNCTION_TEMP              ; 0                                      ; --            ; --             ; --             ;
; PARTITION_COLOR                     ; -- (Not supported for targeted family) ; --            ; implementacion ; Top            ;
; PARTITION_FITTER_PRESERVATION_LEVEL ; -- (Not supported for targeted family) ; --            ; implementacion ; Top            ;
; PARTITION_NETLIST_TYPE              ; -- (Not supported for targeted family) ; --            ; implementacion ; Top            ;
; POWER_BOARD_THERMAL_MODEL           ; None (CONSERVATIVE)                    ; --            ; --             ; --             ;
; POWER_PRESET_COOLING_SOLUTION       ; 23 MM HEAT SINK WITH 200 LFPM AIRFLOW  ; --            ; --             ; --             ;
; PROJECT_OUTPUT_DIRECTORY            ; output_files                           ; --            ; --             ; --             ;
; TOP_LEVEL_ENTITY                    ; implementacion                         ; practica06    ; --             ; --             ;
+-------------------------------------+----------------------------------------+---------------+----------------+----------------+


+--------------------------------------------------------------------------------------------------------------------------+
; Flow Elapsed Time                                                                                                        ;
+----------------------+--------------+-------------------------+---------------------+------------------------------------+
; Module Name          ; Elapsed Time ; Average Processors Used ; Peak Virtual Memory ; Total CPU Time (on all processors) ;
+----------------------+--------------+-------------------------+---------------------+------------------------------------+
; Analysis & Synthesis ; 00:00:13     ; 1.0                     ; 4786 MB             ; 00:00:26                           ;
; Fitter               ; 00:00:11     ; 1.0                     ; 5369 MB             ; 00:00:11                           ;
; Assembler            ; 00:00:04     ; 1.0                     ; 4678 MB             ; 00:00:03                           ;
; Timing Analyzer      ; 00:00:03     ; 1.0                     ; 4787 MB             ; 00:00:03                           ;
; EDA Netlist Writer   ; 00:00:01     ; 1.0                     ; 4640 MB             ; 00:00:01                           ;
; Total                ; 00:00:32     ; --                      ; --                  ; 00:00:44                           ;
+----------------------+--------------+-------------------------+---------------------+------------------------------------+


+------------------------------------------------------------------------------------+
; Flow OS Summary                                                                    ;
+----------------------+------------------+------------+------------+----------------+
; Module Name          ; Machine Hostname ; OS Name    ; OS Version ; Processor type ;
+----------------------+------------------+------------+------------+----------------+
; Analysis & Synthesis ; CARO-LAPTOP      ; Windows 10 ; 10.0       ; x86_64         ;
; Fitter               ; CARO-LAPTOP      ; Windows 10 ; 10.0       ; x86_64         ;
; Assembler            ; CARO-LAPTOP      ; Windows 10 ; 10.0       ; x86_64         ;
; Timing Analyzer      ; CARO-LAPTOP      ; Windows 10 ; 10.0       ; x86_64         ;
; EDA Netlist Writer   ; CARO-LAPTOP      ; Windows 10 ; 10.0       ; x86_64         ;
+----------------------+------------------+------------+------------+----------------+


------------
; Flow Log ;
------------
quartus_map --read_settings_files=on --write_settings_files=off practica06 -c practica06
quartus_fit --read_settings_files=off --write_settings_files=off practica06 -c practica06
quartus_asm --read_settings_files=off --write_settings_files=off practica06 -c practica06
quartus_sta practica06 -c practica06
quartus_eda --read_settings_files=off --write_settings_files=off practica06 -c practica06



