Assembler report for practica3
<<<<<<< HEAD
<<<<<<< HEAD
Fri Mar 24 00:35:30 2023
=======
Fri Mar 24 08:55:56 2023
>>>>>>> main
=======
<<<<<<< HEAD
Fri Mar 24 00:35:30 2023
=======
Fri Mar 24 08:55:56 2023
>>>>>>> 8b052fd (Version practica 04)
=======
Fri Mar 24 08:55:56 2023
>>>>>>> 8b052fd8f1de3b2e6a912938a51f7765113d8464
>>>>>>> main
Quartus Prime Version 18.0.0 Build 614 04/24/2018 SJ Lite Edition


---------------------
; Table of Contents ;
---------------------
  1. Legal Notice
  2. Assembler Summary
  3. Assembler Settings
  4. Assembler Generated Files
<<<<<<< HEAD
<<<<<<< HEAD
  5. Assembler Device Options: C:/Users/alexi/OneDrive/Documentos/Universidad/OAC/practica03/output_files/practica3.sof
=======
  5. Assembler Device Options: C:/intelFPGA_lite/18.0/oac_practicas/OAC-main/practica03/output_files/practica3.sof
>>>>>>> main
=======
<<<<<<< HEAD
  5. Assembler Device Options: C:/Users/alexi/OneDrive/Documentos/Universidad/OAC/practica03/output_files/practica3.sof
=======
  5. Assembler Device Options: C:/intelFPGA_lite/18.0/oac_practicas/OAC-main/practica03/output_files/practica3.sof
>>>>>>> 8b052fd (Version practica 04)
=======
  5. Assembler Device Options: C:/intelFPGA_lite/18.0/oac_practicas/OAC-main/practica03/output_files/practica3.sof
>>>>>>> 8b052fd8f1de3b2e6a912938a51f7765113d8464
>>>>>>> main
  6. Assembler Messages



----------------
; Legal Notice ;
----------------
Copyright (C) 2018  Intel Corporation. All rights reserved.
Your use of Intel Corporation's design tools, logic functions 
and other software and tools, and its AMPP partner logic 
functions, and any output files from any of the foregoing 
(including device programming or simulation files), and any 
associated documentation or information are expressly subject 
to the terms and conditions of the Intel Program License 
Subscription Agreement, the Intel Quartus Prime License Agreement,
the Intel FPGA IP License Agreement, or other applicable license
agreement, including, without limitation, that your use is for
the sole purpose of programming logic devices manufactured by
Intel and sold by Intel or its authorized distributors.  Please
refer to the applicable agreement for further details.



+---------------------------------------------------------------+
; Assembler Summary                                             ;
+-----------------------+---------------------------------------+
<<<<<<< HEAD
<<<<<<< HEAD
; Assembler Status      ; Successful - Fri Mar 24 00:35:30 2023 ;
=======
; Assembler Status      ; Successful - Fri Mar 24 08:55:56 2023 ;
>>>>>>> main
=======
<<<<<<< HEAD
; Assembler Status      ; Successful - Fri Mar 24 00:35:30 2023 ;
=======
; Assembler Status      ; Successful - Fri Mar 24 08:55:56 2023 ;
>>>>>>> 8b052fd (Version practica 04)
=======
; Assembler Status      ; Successful - Fri Mar 24 08:55:56 2023 ;
>>>>>>> 8b052fd8f1de3b2e6a912938a51f7765113d8464
>>>>>>> main
; Revision Name         ; practica3                             ;
; Top-level Entity Name ; practica3                             ;
; Family                ; MAX 10                                ;
; Device                ; 10M50DAF484C7G                        ;
+-----------------------+---------------------------------------+


+----------------------------------+
; Assembler Settings               ;
+--------+---------+---------------+
; Option ; Setting ; Default Value ;
+--------+---------+---------------+


<<<<<<< HEAD
<<<<<<< HEAD
=======
<<<<<<< HEAD
>>>>>>> main
+------------------------------------------------------------------------------------------+
; Assembler Generated Files                                                                ;
+------------------------------------------------------------------------------------------+
; File Name                                                                                ;
+------------------------------------------------------------------------------------------+
; C:/Users/alexi/OneDrive/Documentos/Universidad/OAC/practica03/output_files/practica3.sof ;
+------------------------------------------------------------------------------------------+


+--------------------------------------------------------------------------------------------------------------------+
; Assembler Device Options: C:/Users/alexi/OneDrive/Documentos/Universidad/OAC/practica03/output_files/practica3.sof ;
+----------------+---------------------------------------------------------------------------------------------------+
; Option         ; Setting                                                                                           ;
+----------------+---------------------------------------------------------------------------------------------------+
; JTAG usercode  ; 0x0027492B                                                                                        ;
; Checksum       ; 0x0027492B                                                                                        ;
+----------------+---------------------------------------------------------------------------------------------------+
=======
+-------------------------------------------------------------------------------------+
; Assembler Generated Files                                                           ;
+-------------------------------------------------------------------------------------+
; File Name                                                                           ;
+-------------------------------------------------------------------------------------+
; C:/intelFPGA_lite/18.0/oac_practicas/OAC-main/practica03/output_files/practica3.sof ;
+-------------------------------------------------------------------------------------+


=======
+-------------------------------------------------------------------------------------+
; Assembler Generated Files                                                           ;
+-------------------------------------------------------------------------------------+
; File Name                                                                           ;
+-------------------------------------------------------------------------------------+
; C:/intelFPGA_lite/18.0/oac_practicas/OAC-main/practica03/output_files/practica3.sof ;
+-------------------------------------------------------------------------------------+


>>>>>>> 8b052fd8f1de3b2e6a912938a51f7765113d8464
+---------------------------------------------------------------------------------------------------------------+
; Assembler Device Options: C:/intelFPGA_lite/18.0/oac_practicas/OAC-main/practica03/output_files/practica3.sof ;
+----------------+----------------------------------------------------------------------------------------------+
; Option         ; Setting                                                                                      ;
+----------------+----------------------------------------------------------------------------------------------+
; JTAG usercode  ; 0x00274C3E                                                                                   ;
; Checksum       ; 0x00274C3E                                                                                   ;
+----------------+----------------------------------------------------------------------------------------------+
<<<<<<< HEAD
>>>>>>> main
=======
<<<<<<< HEAD
>>>>>>> 8b052fd (Version practica 04)
=======
>>>>>>> 8b052fd8f1de3b2e6a912938a51f7765113d8464
>>>>>>> main


+--------------------+
; Assembler Messages ;
+--------------------+
Info: *******************************************************************
Info: Running Quartus Prime Assembler
    Info: Version 18.0.0 Build 614 04/24/2018 SJ Lite Edition
<<<<<<< HEAD
<<<<<<< HEAD
    Info: Processing started: Fri Mar 24 00:35:20 2023
=======
    Info: Processing started: Fri Mar 24 08:55:53 2023
>>>>>>> main
=======
<<<<<<< HEAD
    Info: Processing started: Fri Mar 24 00:35:20 2023
=======
    Info: Processing started: Fri Mar 24 08:55:53 2023
>>>>>>> 8b052fd (Version practica 04)
=======
    Info: Processing started: Fri Mar 24 08:55:53 2023
>>>>>>> 8b052fd8f1de3b2e6a912938a51f7765113d8464
>>>>>>> main
Info: Command: quartus_asm --read_settings_files=off --write_settings_files=off practica3 -c practica3
Warning (18236): Number of processors has not been specified which may cause overloading on shared machines.  Set the global assignment NUM_PARALLEL_PROCESSORS in your QSF to an appropriate value for best performance.
Info (115031): Writing out detailed assembly data for power analysis
Info (115030): Assembler is generating device programming files
Info: Quartus Prime Assembler was successful. 0 errors, 1 warning
<<<<<<< HEAD
<<<<<<< HEAD
=======
<<<<<<< HEAD
>>>>>>> main
    Info: Peak virtual memory: 4677 megabytes
    Info: Processing ended: Fri Mar 24 00:35:30 2023
    Info: Elapsed time: 00:00:10
    Info: Total CPU time (on all processors): 00:00:09
=======
<<<<<<< HEAD
=======
=======
>>>>>>> 8b052fd8f1de3b2e6a912938a51f7765113d8464
>>>>>>> main
    Info: Peak virtual memory: 4678 megabytes
    Info: Processing ended: Fri Mar 24 08:55:56 2023
    Info: Elapsed time: 00:00:03
    Info: Total CPU time (on all processors): 00:00:03
<<<<<<< HEAD
>>>>>>> main
=======
>>>>>>> 8b052fd (Version practica 04)
>>>>>>> main


