Timing Analyzer report for practica3
<<<<<<< HEAD
<<<<<<< HEAD
Fri Mar 24 00:35:41 2023
=======
Fri Mar 24 08:56:02 2023
>>>>>>> main
=======
<<<<<<< HEAD
Fri Mar 24 00:35:41 2023
=======
Fri Mar 24 08:56:02 2023
>>>>>>> 8b052fd (Version practica 04)
=======
Fri Mar 24 08:56:02 2023
>>>>>>> 8b052fd8f1de3b2e6a912938a51f7765113d8464
>>>>>>> main
Quartus Prime Version 18.0.0 Build 614 04/24/2018 SJ Lite Edition


---------------------
; Table of Contents ;
---------------------
  1. Legal Notice
  2. Timing Analyzer Summary
  3. Parallel Compilation
  4. Clocks
  5. Slow 1200mV 85C Model Fmax Summary
  6. Slow 1200mV 85C Model Setup Summary
  7. Slow 1200mV 85C Model Hold Summary
  8. Slow 1200mV 85C Model Recovery Summary
  9. Slow 1200mV 85C Model Removal Summary
 10. Slow 1200mV 85C Model Minimum Pulse Width Summary
 11. Slow 1200mV 85C Model Metastability Summary
 12. Slow 1200mV 0C Model Fmax Summary
 13. Slow 1200mV 0C Model Setup Summary
 14. Slow 1200mV 0C Model Hold Summary
 15. Slow 1200mV 0C Model Recovery Summary
 16. Slow 1200mV 0C Model Removal Summary
 17. Slow 1200mV 0C Model Minimum Pulse Width Summary
 18. Slow 1200mV 0C Model Metastability Summary
 19. Fast 1200mV 0C Model Setup Summary
 20. Fast 1200mV 0C Model Hold Summary
 21. Fast 1200mV 0C Model Recovery Summary
 22. Fast 1200mV 0C Model Removal Summary
 23. Fast 1200mV 0C Model Minimum Pulse Width Summary
 24. Fast 1200mV 0C Model Metastability Summary
 25. Multicorner Timing Analysis Summary
 26. Board Trace Model Assignments
 27. Input Transition Times
 28. Signal Integrity Metrics (Slow 1200mv 0c Model)
 29. Signal Integrity Metrics (Slow 1200mv 85c Model)
 30. Signal Integrity Metrics (Fast 1200mv 0c Model)
 31. Setup Transfers
 32. Hold Transfers
 33. Report TCCS
 34. Report RSKM
 35. Unconstrained Paths Summary
 36. Clock Status Summary
 37. Unconstrained Input Ports
 38. Unconstrained Output Ports
 39. Unconstrained Input Ports
 40. Unconstrained Output Ports
 41. Timing Analyzer Messages



----------------
; Legal Notice ;
----------------
Copyright (C) 2018  Intel Corporation. All rights reserved.
Your use of Intel Corporation's design tools, logic functions 
and other software and tools, and its AMPP partner logic 
functions, and any output files from any of the foregoing 
(including device programming or simulation files), and any 
associated documentation or information are expressly subject 
to the terms and conditions of the Intel Program License 
Subscription Agreement, the Intel Quartus Prime License Agreement,
the Intel FPGA IP License Agreement, or other applicable license
agreement, including, without limitation, that your use is for
the sole purpose of programming logic devices manufactured by
Intel and sold by Intel or its authorized distributors.  Please
refer to the applicable agreement for further details.



+-----------------------------------------------------------------------------+
; Timing Analyzer Summary                                                     ;
+-----------------------+-----------------------------------------------------+
; Quartus Prime Version ; Version 18.0.0 Build 614 04/24/2018 SJ Lite Edition ;
; Timing Analyzer       ; Legacy Timing Analyzer                              ;
; Revision Name         ; practica3                                           ;
; Device Family         ; MAX 10                                              ;
; Device Name           ; 10M50DAF484C7G                                      ;
; Timing Models         ; Final                                               ;
; Delay Model           ; Combined                                            ;
; Rise/Fall Delays      ; Enabled                                             ;
+-----------------------+-----------------------------------------------------+


+------------------------------------------+
; Parallel Compilation                     ;
+----------------------------+-------------+
; Processors                 ; Number      ;
+----------------------------+-------------+
; Number detected on machine ; 2           ;
; Maximum allowed            ; 2           ;
;                            ;             ;
; Average used               ; 1.01        ;
; Maximum used               ; 2           ;
;                            ;             ;
; Usage by Processor         ; % Time Used ;
;     Processor 1            ; 100.0%      ;
<<<<<<< HEAD
<<<<<<< HEAD
;     Processor 2            ;   1.0%      ;
=======
;     Processor 2            ;   0.5%      ;
>>>>>>> main
=======
<<<<<<< HEAD
;     Processor 2            ;   1.0%      ;
=======
;     Processor 2            ;   0.5%      ;
>>>>>>> 8b052fd (Version practica 04)
=======
;     Processor 2            ;   0.5%      ;
>>>>>>> 8b052fd8f1de3b2e6a912938a51f7765113d8464
>>>>>>> main
+----------------------------+-------------+


+--------------------------------------------------------------------------------------------------------------------------------------------------------------------------------------------------------------------+
; Clocks                                                                                                                                                                                                             ;
+--------------------------+------+--------+------------+-------+-------+------------+-----------+-------------+-------+--------+-----------+------------+----------+--------+--------+------------------------------+
; Clock Name               ; Type ; Period ; Frequency  ; Rise  ; Fall  ; Duty Cycle ; Divide by ; Multiply by ; Phase ; Offset ; Edge List ; Edge Shift ; Inverted ; Master ; Source ; Targets                      ;
+--------------------------+------+--------+------------+-------+-------+------------+-----------+-------------+-------+--------+-----------+------------+----------+--------+--------+------------------------------+
; clk                      ; Base ; 1.000  ; 1000.0 MHz ; 0.000 ; 0.500 ;            ;           ;             ;       ;        ;           ;            ;          ;        ;        ; { clk }                      ;
<<<<<<< HEAD
<<<<<<< HEAD
; div_frec:inst|cuenta[26] ; Base ; 1.000  ; 1000.0 MHz ; 0.000 ; 0.500 ;            ;           ;             ;       ;        ;           ;            ;          ;        ;        ; { div_frec:inst|cuenta[26] } ;
=======
; div_frec:inst|cuenta[27] ; Base ; 1.000  ; 1000.0 MHz ; 0.000 ; 0.500 ;            ;           ;             ;       ;        ;           ;            ;          ;        ;        ; { div_frec:inst|cuenta[27] } ;
>>>>>>> main
=======
<<<<<<< HEAD
; div_frec:inst|cuenta[26] ; Base ; 1.000  ; 1000.0 MHz ; 0.000 ; 0.500 ;            ;           ;             ;       ;        ;           ;            ;          ;        ;        ; { div_frec:inst|cuenta[26] } ;
=======
; div_frec:inst|cuenta[27] ; Base ; 1.000  ; 1000.0 MHz ; 0.000 ; 0.500 ;            ;           ;             ;       ;        ;           ;            ;          ;        ;        ; { div_frec:inst|cuenta[27] } ;
>>>>>>> 8b052fd (Version practica 04)
=======
; div_frec:inst|cuenta[27] ; Base ; 1.000  ; 1000.0 MHz ; 0.000 ; 0.500 ;            ;           ;             ;       ;        ;           ;            ;          ;        ;        ; { div_frec:inst|cuenta[27] } ;
>>>>>>> 8b052fd8f1de3b2e6a912938a51f7765113d8464
>>>>>>> main
+--------------------------+------+--------+------------+-------+-------+------------+-----------+-------------+-------+--------+-----------+------------+----------+--------+--------+------------------------------+


+-------------------------------------------------------------------------------------------------------------------------+
; Slow 1200mV 85C Model Fmax Summary                                                                                      ;
+------------+-----------------+--------------------------+---------------------------------------------------------------+
; Fmax       ; Restricted Fmax ; Clock Name               ; Note                                                          ;
+------------+-----------------+--------------------------+---------------------------------------------------------------+
<<<<<<< HEAD
<<<<<<< HEAD
=======
<<<<<<< HEAD
>>>>>>> main
; 300.21 MHz ; 250.0 MHz       ; clk                      ; limit due to minimum period restriction (max I/O toggle rate) ;
; 503.52 MHz ; 416.15 MHz      ; div_frec:inst|cuenta[26] ; limit due to minimum period restriction (tmin)                ;
=======
; 305.81 MHz ; 250.0 MHz       ; clk                      ; limit due to minimum period restriction (max I/O toggle rate) ;
; 430.11 MHz ; 416.15 MHz      ; div_frec:inst|cuenta[27] ; limit due to minimum period restriction (tmin)                ;
<<<<<<< HEAD
>>>>>>> main
=======
>>>>>>> 8b052fd (Version practica 04)
=======
; 305.81 MHz ; 250.0 MHz       ; clk                      ; limit due to minimum period restriction (max I/O toggle rate) ;
; 430.11 MHz ; 416.15 MHz      ; div_frec:inst|cuenta[27] ; limit due to minimum period restriction (tmin)                ;
>>>>>>> 8b052fd8f1de3b2e6a912938a51f7765113d8464
>>>>>>> main
+------------+-----------------+--------------------------+---------------------------------------------------------------+
This panel reports FMAX for every clock in the design, regardless of the user-specified clock periods.  FMAX is only computed for paths where the source and destination registers or ports are driven by the same clock.  Paths of different clocks, including generated clocks, are ignored.  For paths between a clock and its inversion, FMAX is computed as if the rising and falling edges are scaled along with FMAX, such that the duty cycle (in terms of a percentage) is maintained. Altera recommends that you always use clock constraints and other slack reports for sign-off analysis.


+---------------------------------------------------+
; Slow 1200mV 85C Model Setup Summary               ;
+--------------------------+--------+---------------+
; Clock                    ; Slack  ; End Point TNS ;
+--------------------------+--------+---------------+
<<<<<<< HEAD
<<<<<<< HEAD
=======
<<<<<<< HEAD
>>>>>>> main
; clk                      ; -2.331 ; -38.893       ;
; div_frec:inst|cuenta[26] ; -0.986 ; -2.267        ;
=======
; clk                      ; -2.270 ; -40.453       ;
; div_frec:inst|cuenta[27] ; -1.325 ; -3.154        ;
<<<<<<< HEAD
>>>>>>> main
=======
>>>>>>> 8b052fd (Version practica 04)
=======
; clk                      ; -2.270 ; -40.453       ;
; div_frec:inst|cuenta[27] ; -1.325 ; -3.154        ;
>>>>>>> 8b052fd8f1de3b2e6a912938a51f7765113d8464
>>>>>>> main
+--------------------------+--------+---------------+


+--------------------------------------------------+
; Slow 1200mV 85C Model Hold Summary               ;
+--------------------------+-------+---------------+
; Clock                    ; Slack ; End Point TNS ;
+--------------------------+-------+---------------+
<<<<<<< HEAD
<<<<<<< HEAD
=======
<<<<<<< HEAD
>>>>>>> main
; div_frec:inst|cuenta[26] ; 0.329 ; 0.000         ;
; clk                      ; 0.498 ; 0.000         ;
=======
; clk                      ; 0.498 ; 0.000         ;
; div_frec:inst|cuenta[27] ; 1.076 ; 0.000         ;
<<<<<<< HEAD
>>>>>>> main
=======
>>>>>>> 8b052fd (Version practica 04)
=======
; clk                      ; 0.498 ; 0.000         ;
; div_frec:inst|cuenta[27] ; 1.076 ; 0.000         ;
>>>>>>> 8b052fd8f1de3b2e6a912938a51f7765113d8464
>>>>>>> main
+--------------------------+-------+---------------+


------------------------------------------
; Slow 1200mV 85C Model Recovery Summary ;
------------------------------------------
No paths to report.


-----------------------------------------
; Slow 1200mV 85C Model Removal Summary ;
-----------------------------------------
No paths to report.


+---------------------------------------------------+
; Slow 1200mV 85C Model Minimum Pulse Width Summary ;
+--------------------------+--------+---------------+
; Clock                    ; Slack  ; End Point TNS ;
+--------------------------+--------+---------------+
<<<<<<< HEAD
<<<<<<< HEAD
=======
<<<<<<< HEAD
>>>>>>> main
; clk                      ; -3.000 ; -40.881       ;
; div_frec:inst|cuenta[26] ; -1.403 ; -4.209        ;
=======
; clk                      ; -3.000 ; -42.284       ;
; div_frec:inst|cuenta[27] ; -1.403 ; -4.209        ;
<<<<<<< HEAD
>>>>>>> main
=======
>>>>>>> 8b052fd (Version practica 04)
=======
; clk                      ; -3.000 ; -42.284       ;
; div_frec:inst|cuenta[27] ; -1.403 ; -4.209        ;
>>>>>>> 8b052fd8f1de3b2e6a912938a51f7765113d8464
>>>>>>> main
+--------------------------+--------+---------------+


-----------------------------------------------
; Slow 1200mV 85C Model Metastability Summary ;
-----------------------------------------------
No synchronizer chains to report.


+-------------------------------------------------------------------------------------------------------------------------+
; Slow 1200mV 0C Model Fmax Summary                                                                                       ;
+------------+-----------------+--------------------------+---------------------------------------------------------------+
; Fmax       ; Restricted Fmax ; Clock Name               ; Note                                                          ;
+------------+-----------------+--------------------------+---------------------------------------------------------------+
<<<<<<< HEAD
<<<<<<< HEAD
=======
<<<<<<< HEAD
>>>>>>> main
; 334.78 MHz ; 250.0 MHz       ; clk                      ; limit due to minimum period restriction (max I/O toggle rate) ;
; 551.57 MHz ; 416.15 MHz      ; div_frec:inst|cuenta[26] ; limit due to minimum period restriction (tmin)                ;
=======
; 340.83 MHz ; 250.0 MHz       ; clk                      ; limit due to minimum period restriction (max I/O toggle rate) ;
; 471.7 MHz  ; 416.15 MHz      ; div_frec:inst|cuenta[27] ; limit due to minimum period restriction (tmin)                ;
<<<<<<< HEAD
>>>>>>> main
=======
>>>>>>> 8b052fd (Version practica 04)
=======
; 340.83 MHz ; 250.0 MHz       ; clk                      ; limit due to minimum period restriction (max I/O toggle rate) ;
; 471.7 MHz  ; 416.15 MHz      ; div_frec:inst|cuenta[27] ; limit due to minimum period restriction (tmin)                ;
>>>>>>> 8b052fd8f1de3b2e6a912938a51f7765113d8464
>>>>>>> main
+------------+-----------------+--------------------------+---------------------------------------------------------------+
This panel reports FMAX for every clock in the design, regardless of the user-specified clock periods.  FMAX is only computed for paths where the source and destination registers or ports are driven by the same clock.  Paths of different clocks, including generated clocks, are ignored.  For paths between a clock and its inversion, FMAX is computed as if the rising and falling edges are scaled along with FMAX, such that the duty cycle (in terms of a percentage) is maintained. Altera recommends that you always use clock constraints and other slack reports for sign-off analysis.


+---------------------------------------------------+
; Slow 1200mV 0C Model Setup Summary                ;
+--------------------------+--------+---------------+
; Clock                    ; Slack  ; End Point TNS ;
+--------------------------+--------+---------------+
<<<<<<< HEAD
<<<<<<< HEAD
=======
<<<<<<< HEAD
>>>>>>> main
; clk                      ; -1.987 ; -32.359       ;
; div_frec:inst|cuenta[26] ; -0.813 ; -1.799        ;
=======
; clk                      ; -1.934 ; -33.740       ;
; div_frec:inst|cuenta[27] ; -1.120 ; -2.608        ;
<<<<<<< HEAD
>>>>>>> main
=======
>>>>>>> 8b052fd (Version practica 04)
=======
; clk                      ; -1.934 ; -33.740       ;
; div_frec:inst|cuenta[27] ; -1.120 ; -2.608        ;
>>>>>>> 8b052fd8f1de3b2e6a912938a51f7765113d8464
>>>>>>> main
+--------------------------+--------+---------------+


+--------------------------------------------------+
; Slow 1200mV 0C Model Hold Summary                ;
+--------------------------+-------+---------------+
; Clock                    ; Slack ; End Point TNS ;
+--------------------------+-------+---------------+
<<<<<<< HEAD
<<<<<<< HEAD
=======
<<<<<<< HEAD
>>>>>>> main
; div_frec:inst|cuenta[26] ; 0.295 ; 0.000         ;
; clk                      ; 0.444 ; 0.000         ;
=======
; clk                      ; 0.444 ; 0.000         ;
; div_frec:inst|cuenta[27] ; 0.996 ; 0.000         ;
<<<<<<< HEAD
>>>>>>> main
=======
>>>>>>> 8b052fd (Version practica 04)
=======
; clk                      ; 0.444 ; 0.000         ;
; div_frec:inst|cuenta[27] ; 0.996 ; 0.000         ;
>>>>>>> 8b052fd8f1de3b2e6a912938a51f7765113d8464
>>>>>>> main
+--------------------------+-------+---------------+


-----------------------------------------
; Slow 1200mV 0C Model Recovery Summary ;
-----------------------------------------
No paths to report.


----------------------------------------
; Slow 1200mV 0C Model Removal Summary ;
----------------------------------------
No paths to report.


+---------------------------------------------------+
; Slow 1200mV 0C Model Minimum Pulse Width Summary  ;
+--------------------------+--------+---------------+
; Clock                    ; Slack  ; End Point TNS ;
+--------------------------+--------+---------------+
<<<<<<< HEAD
<<<<<<< HEAD
=======
<<<<<<< HEAD
>>>>>>> main
; clk                      ; -3.000 ; -40.881       ;
; div_frec:inst|cuenta[26] ; -1.403 ; -4.209        ;
=======
; clk                      ; -3.000 ; -42.284       ;
; div_frec:inst|cuenta[27] ; -1.403 ; -4.209        ;
<<<<<<< HEAD
>>>>>>> main
=======
>>>>>>> 8b052fd (Version practica 04)
=======
; clk                      ; -3.000 ; -42.284       ;
; div_frec:inst|cuenta[27] ; -1.403 ; -4.209        ;
>>>>>>> 8b052fd8f1de3b2e6a912938a51f7765113d8464
>>>>>>> main
+--------------------------+--------+---------------+


----------------------------------------------
; Slow 1200mV 0C Model Metastability Summary ;
----------------------------------------------
No synchronizer chains to report.


+---------------------------------------------------+
; Fast 1200mV 0C Model Setup Summary                ;
+--------------------------+--------+---------------+
; Clock                    ; Slack  ; End Point TNS ;
+--------------------------+--------+---------------+
<<<<<<< HEAD
<<<<<<< HEAD
=======
<<<<<<< HEAD
>>>>>>> main
; clk                      ; -0.825 ; -2.037        ;
; div_frec:inst|cuenta[26] ; 0.175  ; 0.000         ;
=======
; clk                      ; -0.825 ; -2.116        ;
; div_frec:inst|cuenta[27] ; 0.040  ; 0.000         ;
<<<<<<< HEAD
>>>>>>> main
=======
>>>>>>> 8b052fd (Version practica 04)
=======
; clk                      ; -0.825 ; -2.116        ;
; div_frec:inst|cuenta[27] ; 0.040  ; 0.000         ;
>>>>>>> 8b052fd8f1de3b2e6a912938a51f7765113d8464
>>>>>>> main
+--------------------------+--------+---------------+


+--------------------------------------------------+
; Fast 1200mV 0C Model Hold Summary                ;
+--------------------------+-------+---------------+
; Clock                    ; Slack ; End Point TNS ;
+--------------------------+-------+---------------+
<<<<<<< HEAD
<<<<<<< HEAD
=======
<<<<<<< HEAD
>>>>>>> main
; div_frec:inst|cuenta[26] ; 0.143 ; 0.000         ;
; clk                      ; 0.181 ; 0.000         ;
=======
; clk                      ; 0.181 ; 0.000         ;
; div_frec:inst|cuenta[27] ; 0.426 ; 0.000         ;
<<<<<<< HEAD
>>>>>>> main
=======
>>>>>>> 8b052fd (Version practica 04)
=======
; clk                      ; 0.181 ; 0.000         ;
; div_frec:inst|cuenta[27] ; 0.426 ; 0.000         ;
>>>>>>> 8b052fd8f1de3b2e6a912938a51f7765113d8464
>>>>>>> main
+--------------------------+-------+---------------+


-----------------------------------------
; Fast 1200mV 0C Model Recovery Summary ;
-----------------------------------------
No paths to report.


----------------------------------------
; Fast 1200mV 0C Model Removal Summary ;
----------------------------------------
No paths to report.


+---------------------------------------------------+
; Fast 1200mV 0C Model Minimum Pulse Width Summary  ;
+--------------------------+--------+---------------+
; Clock                    ; Slack  ; End Point TNS ;
+--------------------------+--------+---------------+
<<<<<<< HEAD
<<<<<<< HEAD
=======
<<<<<<< HEAD
>>>>>>> main
; clk                      ; -3.000 ; -30.996       ;
; div_frec:inst|cuenta[26] ; -1.000 ; -3.000        ;
=======
; clk                      ; -3.000 ; -32.056       ;
; div_frec:inst|cuenta[27] ; -1.000 ; -3.000        ;
<<<<<<< HEAD
>>>>>>> main
=======
>>>>>>> 8b052fd (Version practica 04)
=======
; clk                      ; -3.000 ; -32.056       ;
; div_frec:inst|cuenta[27] ; -1.000 ; -3.000        ;
>>>>>>> 8b052fd8f1de3b2e6a912938a51f7765113d8464
>>>>>>> main
+--------------------------+--------+---------------+


----------------------------------------------
; Fast 1200mV 0C Model Metastability Summary ;
----------------------------------------------
No synchronizer chains to report.


+----------------------------------------------------------------------------------------+
; Multicorner Timing Analysis Summary                                                    ;
+---------------------------+---------+-------+----------+---------+---------------------+
; Clock                     ; Setup   ; Hold  ; Recovery ; Removal ; Minimum Pulse Width ;
+---------------------------+---------+-------+----------+---------+---------------------+
<<<<<<< HEAD
<<<<<<< HEAD
=======
<<<<<<< HEAD
>>>>>>> main
; Worst-case Slack          ; -2.331  ; 0.143 ; N/A      ; N/A     ; -3.000              ;
;  clk                      ; -2.331  ; 0.181 ; N/A      ; N/A     ; -3.000              ;
;  div_frec:inst|cuenta[26] ; -0.986  ; 0.143 ; N/A      ; N/A     ; -1.403              ;
; Design-wide TNS           ; -41.16  ; 0.0   ; 0.0      ; 0.0     ; -45.09              ;
;  clk                      ; -38.893 ; 0.000 ; N/A      ; N/A     ; -40.881             ;
;  div_frec:inst|cuenta[26] ; -2.267  ; 0.000 ; N/A      ; N/A     ; -4.209              ;
=======
<<<<<<< HEAD
=======
=======
>>>>>>> 8b052fd8f1de3b2e6a912938a51f7765113d8464
>>>>>>> main
; Worst-case Slack          ; -2.270  ; 0.181 ; N/A      ; N/A     ; -3.000              ;
;  clk                      ; -2.270  ; 0.181 ; N/A      ; N/A     ; -3.000              ;
;  div_frec:inst|cuenta[27] ; -1.325  ; 0.426 ; N/A      ; N/A     ; -1.403              ;
; Design-wide TNS           ; -43.607 ; 0.0   ; 0.0      ; 0.0     ; -46.493             ;
;  clk                      ; -40.453 ; 0.000 ; N/A      ; N/A     ; -42.284             ;
;  div_frec:inst|cuenta[27] ; -3.154  ; 0.000 ; N/A      ; N/A     ; -4.209              ;
<<<<<<< HEAD
>>>>>>> main
=======
<<<<<<< HEAD
>>>>>>> 8b052fd (Version practica 04)
=======
>>>>>>> 8b052fd8f1de3b2e6a912938a51f7765113d8464
>>>>>>> main
+---------------------------+---------+-------+----------+---------+---------------------+


+-----------------------------------------------------------------------------------------------------------------------------------------------------------------------------------------------------------------------------------------------------------------------------------------------------------------------------------------------------------------------------------------------------------------+
; Board Trace Model Assignments                                                                                                                                                                                                                                                                                                                                                                                   ;
+--------------+--------------+-------------------+-------------------------+-------------------------+---------------+---------------------+----------------+------------------+--------+------------------+------------------------+------------------------+--------------+---------------+-----------------+-------+---------------------+--------------------+---------------+-----------------+-------------+
; Pin          ; I/O Standard ; Near Tline Length ; Near Tline L per Length ; Near Tline C per Length ; Near Series R ; Near Differential R ; Near Pull-up R ; Near Pull-down R ; Near C ; Far Tline Length ; Far Tline L per Length ; Far Tline C per Length ; Far Series R ; Far Pull-up R ; Far Pull-down R ; Far C ; Termination Voltage ; Far Differential R ; EBD File Name ; EBD Signal Name ; EBD Far-end ;
+--------------+--------------+-------------------+-------------------------+-------------------------+---------------+---------------------+----------------+------------------+--------+------------------+------------------------+------------------------+--------------+---------------+-----------------+-------+---------------------+--------------------+---------------+-----------------+-------------+
; edoPres[2]   ; 2.5 V        ; 0 in              ; 0 H/in                  ; 0 F/in                  ; short         ; -                   ; open           ; open             ; open   ; 0 in             ; 0 H/in                 ; 0 F/in                 ; short        ; open          ; open            ; open  ; 0 V                 ; -                  ; n/a           ; n/a             ; n/a         ;
; edoPres[1]   ; 2.5 V        ; 0 in              ; 0 H/in                  ; 0 F/in                  ; short         ; -                   ; open           ; open             ; open   ; 0 in             ; 0 H/in                 ; 0 F/in                 ; short        ; open          ; open            ; open  ; 0 V                 ; -                  ; n/a           ; n/a             ; n/a         ;
; edoPres[0]   ; 2.5 V        ; 0 in              ; 0 H/in                  ; 0 F/in                  ; short         ; -                   ; open           ; open             ; open   ; 0 in             ; 0 H/in                 ; 0 F/in                 ; short        ; open          ; open            ; open  ; 0 V                 ; -                  ; n/a           ; n/a             ; n/a         ;
; liga[2]      ; 2.5 V        ; 0 in              ; 0 H/in                  ; 0 F/in                  ; short         ; -                   ; open           ; open             ; open   ; 0 in             ; 0 H/in                 ; 0 F/in                 ; short        ; open          ; open            ; open  ; 0 V                 ; -                  ; n/a           ; n/a             ; n/a         ;
; liga[1]      ; 2.5 V        ; 0 in              ; 0 H/in                  ; 0 F/in                  ; short         ; -                   ; open           ; open             ; open   ; 0 in             ; 0 H/in                 ; 0 F/in                 ; short        ; open          ; open            ; open  ; 0 V                 ; -                  ; n/a           ; n/a             ; n/a         ;
; liga[0]      ; 2.5 V        ; 0 in              ; 0 H/in                  ; 0 F/in                  ; short         ; -                   ; open           ; open             ; open   ; 0 in             ; 0 H/in                 ; 0 F/in                 ; short        ; open          ; open            ; open  ; 0 V                 ; -                  ; n/a           ; n/a             ; n/a         ;
; salidas[2]   ; 2.5 V        ; 0 in              ; 0 H/in                  ; 0 F/in                  ; short         ; -                   ; open           ; open             ; open   ; 0 in             ; 0 H/in                 ; 0 F/in                 ; short        ; open          ; open            ; open  ; 0 V                 ; -                  ; n/a           ; n/a             ; n/a         ;
; salidas[1]   ; 2.5 V        ; 0 in              ; 0 H/in                  ; 0 F/in                  ; short         ; -                   ; open           ; open             ; open   ; 0 in             ; 0 H/in                 ; 0 F/in                 ; short        ; open          ; open            ; open  ; 0 V                 ; -                  ; n/a           ; n/a             ; n/a         ;
; salidas[0]   ; 2.5 V        ; 0 in              ; 0 H/in                  ; 0 F/in                  ; short         ; -                   ; open           ; open             ; open   ; 0 in             ; 0 H/in                 ; 0 F/in                 ; short        ; open          ; open            ; open  ; 0 V                 ; -                  ; n/a           ; n/a             ; n/a         ;
; ~ALTERA_TDO~ ; 2.5 V        ; 0 in              ; 0 H/in                  ; 0 F/in                  ; short         ; -                   ; open           ; open             ; open   ; 0 in             ; 0 H/in                 ; 0 F/in                 ; short        ; open          ; open            ; open  ; 0 V                 ; -                  ; n/a           ; n/a             ; n/a         ;
+--------------+--------------+-------------------+-------------------------+-------------------------+---------------+---------------------+----------------+------------------+--------+------------------+------------------------+------------------------+--------------+---------------+-----------------+-------+---------------------+--------------------+---------------+-----------------+-------------+


+---------------------------------------------------------------------------------+
; Input Transition Times                                                          ;
+---------------------+-----------------------+-----------------+-----------------+
; Pin                 ; I/O Standard          ; 10-90 Rise Time ; 90-10 Fall Time ;
+---------------------+-----------------------+-----------------+-----------------+
<<<<<<< HEAD
<<<<<<< HEAD
=======
<<<<<<< HEAD
>>>>>>> main
; A[0]                ; 2.5 V                 ; 2000 ps         ; 2000 ps         ;
; A[1]                ; 2.5 V                 ; 2000 ps         ; 2000 ps         ;
; A[2]                ; 2.5 V                 ; 2000 ps         ; 2000 ps         ;
=======
; A[2]                ; 2.5 V                 ; 2000 ps         ; 2000 ps         ;
; A[0]                ; 2.5 V                 ; 2000 ps         ; 2000 ps         ;
; A[1]                ; 2.5 V                 ; 2000 ps         ; 2000 ps         ;
<<<<<<< HEAD
>>>>>>> main
=======
>>>>>>> 8b052fd (Version practica 04)
=======
; A[2]                ; 2.5 V                 ; 2000 ps         ; 2000 ps         ;
; A[0]                ; 2.5 V                 ; 2000 ps         ; 2000 ps         ;
; A[1]                ; 2.5 V                 ; 2000 ps         ; 2000 ps         ;
>>>>>>> 8b052fd8f1de3b2e6a912938a51f7765113d8464
>>>>>>> main
; reset               ; 2.5 V                 ; 2000 ps         ; 2000 ps         ;
; clk                 ; 2.5 V                 ; 2000 ps         ; 2000 ps         ;
; ~ALTERA_TMS~        ; 2.5 V Schmitt Trigger ; 2000 ps         ; 2000 ps         ;
; ~ALTERA_TCK~        ; 2.5 V Schmitt Trigger ; 2000 ps         ; 2000 ps         ;
; ~ALTERA_TDI~        ; 2.5 V Schmitt Trigger ; 2000 ps         ; 2000 ps         ;
; ~ALTERA_CONFIG_SEL~ ; 2.5 V                 ; 2000 ps         ; 2000 ps         ;
; ~ALTERA_nCONFIG~    ; 2.5 V Schmitt Trigger ; 2000 ps         ; 2000 ps         ;
; ~ALTERA_nSTATUS~    ; 2.5 V Schmitt Trigger ; 2000 ps         ; 2000 ps         ;
; ~ALTERA_CONF_DONE~  ; 2.5 V Schmitt Trigger ; 2000 ps         ; 2000 ps         ;
+---------------------+-----------------------+-----------------+-----------------+


+-------------------------------------------------------------------------------------------------------------------------------------------------------------------------------------------------------------------------------------------------------------------------------------------------------------------------------------------------------------------------------------------------------------------------------------------------------------------------------------------------------------------------------------------------------------------------------------------------------------------------------------------------------------------------------------------+
; Signal Integrity Metrics (Slow 1200mv 0c Model)                                                                                                                                                                                                                                                                                                                                                                                                                                                                                                                                                                                                                                           ;
+--------------+--------------+---------------------+---------------------+------------------------------+------------------------------+---------------------+---------------------+--------------------------------------+--------------------------------------+-----------------------------+-----------------------------+----------------------------+----------------------------+-----------------------------+-----------------------------+--------------------+--------------------+-------------------------------------+-------------------------------------+----------------------------+----------------------------+---------------------------+---------------------------+
; Pin          ; I/O Standard ; Board Delay on Rise ; Board Delay on Fall ; Steady State Voh at FPGA Pin ; Steady State Vol at FPGA Pin ; Voh Max at FPGA Pin ; Vol Min at FPGA Pin ; Ringback Voltage on Rise at FPGA Pin ; Ringback Voltage on Fall at FPGA Pin ; 10-90 Rise Time at FPGA Pin ; 90-10 Fall Time at FPGA Pin ; Monotonic Rise at FPGA Pin ; Monotonic Fall at FPGA Pin ; Steady State Voh at Far-end ; Steady State Vol at Far-end ; Voh Max at Far-end ; Vol Min at Far-end ; Ringback Voltage on Rise at Far-end ; Ringback Voltage on Fall at Far-end ; 10-90 Rise Time at Far-end ; 90-10 Fall Time at Far-end ; Monotonic Rise at Far-end ; Monotonic Fall at Far-end ;
+--------------+--------------+---------------------+---------------------+------------------------------+------------------------------+---------------------+---------------------+--------------------------------------+--------------------------------------+-----------------------------+-----------------------------+----------------------------+----------------------------+-----------------------------+-----------------------------+--------------------+--------------------+-------------------------------------+-------------------------------------+----------------------------+----------------------------+---------------------------+---------------------------+
; edoPres[2]   ; 2.5 V        ; 0 s                 ; 0 s                 ; 2.32 V                       ; 8.25e-09 V                   ; 2.41 V              ; -0.0871 V           ; 0.291 V                              ; 0.138 V                              ; 3.15e-10 s                  ; 4.16e-10 s                  ; No                         ; Yes                        ; 2.32 V                      ; 8.25e-09 V                  ; 2.41 V             ; -0.0871 V          ; 0.291 V                             ; 0.138 V                             ; 3.15e-10 s                 ; 4.16e-10 s                 ; No                        ; Yes                       ;
; edoPres[1]   ; 2.5 V        ; 0 s                 ; 0 s                 ; 2.32 V                       ; 8.25e-09 V                   ; 2.41 V              ; -0.0871 V           ; 0.291 V                              ; 0.138 V                              ; 3.15e-10 s                  ; 4.16e-10 s                  ; No                         ; Yes                        ; 2.32 V                      ; 8.25e-09 V                  ; 2.41 V             ; -0.0871 V          ; 0.291 V                             ; 0.138 V                             ; 3.15e-10 s                 ; 4.16e-10 s                 ; No                        ; Yes                       ;
; edoPres[0]   ; 2.5 V        ; 0 s                 ; 0 s                 ; 2.32 V                       ; 8.25e-09 V                   ; 2.41 V              ; -0.0859 V           ; 0.289 V                              ; 0.136 V                              ; 3.15e-10 s                  ; 4.16e-10 s                  ; No                         ; Yes                        ; 2.32 V                      ; 8.25e-09 V                  ; 2.41 V             ; -0.0859 V          ; 0.289 V                             ; 0.136 V                             ; 3.15e-10 s                 ; 4.16e-10 s                 ; No                        ; Yes                       ;
; liga[2]      ; 2.5 V        ; 0 s                 ; 0 s                 ; 2.32 V                       ; 8.25e-09 V                   ; 2.41 V              ; -0.0859 V           ; 0.289 V                              ; 0.136 V                              ; 3.15e-10 s                  ; 4.16e-10 s                  ; No                         ; Yes                        ; 2.32 V                      ; 8.25e-09 V                  ; 2.41 V             ; -0.0859 V          ; 0.289 V                             ; 0.136 V                             ; 3.15e-10 s                 ; 4.16e-10 s                 ; No                        ; Yes                       ;
; liga[1]      ; 2.5 V        ; 0 s                 ; 0 s                 ; 2.32 V                       ; 8.25e-09 V                   ; 2.41 V              ; -0.0859 V           ; 0.289 V                              ; 0.136 V                              ; 3.15e-10 s                  ; 4.16e-10 s                  ; No                         ; Yes                        ; 2.32 V                      ; 8.25e-09 V                  ; 2.41 V             ; -0.0859 V          ; 0.289 V                             ; 0.136 V                             ; 3.15e-10 s                 ; 4.16e-10 s                 ; No                        ; Yes                       ;
; liga[0]      ; 2.5 V        ; 0 s                 ; 0 s                 ; 2.32 V                       ; 8.25e-09 V                   ; 2.41 V              ; -0.0871 V           ; 0.291 V                              ; 0.138 V                              ; 3.15e-10 s                  ; 4.16e-10 s                  ; No                         ; Yes                        ; 2.32 V                      ; 8.25e-09 V                  ; 2.41 V             ; -0.0871 V          ; 0.291 V                             ; 0.138 V                             ; 3.15e-10 s                 ; 4.16e-10 s                 ; No                        ; Yes                       ;
; salidas[2]   ; 2.5 V        ; 0 s                 ; 0 s                 ; 2.32 V                       ; 8.25e-09 V                   ; 2.41 V              ; -0.0859 V           ; 0.289 V                              ; 0.136 V                              ; 3.15e-10 s                  ; 4.16e-10 s                  ; No                         ; Yes                        ; 2.32 V                      ; 8.25e-09 V                  ; 2.41 V             ; -0.0859 V          ; 0.289 V                             ; 0.136 V                             ; 3.15e-10 s                 ; 4.16e-10 s                 ; No                        ; Yes                       ;
; salidas[1]   ; 2.5 V        ; 0 s                 ; 0 s                 ; 2.32 V                       ; 8.25e-09 V                   ; 2.41 V              ; -0.0871 V           ; 0.291 V                              ; 0.138 V                              ; 3.15e-10 s                  ; 4.16e-10 s                  ; No                         ; Yes                        ; 2.32 V                      ; 8.25e-09 V                  ; 2.41 V             ; -0.0871 V          ; 0.291 V                             ; 0.138 V                             ; 3.15e-10 s                 ; 4.16e-10 s                 ; No                        ; Yes                       ;
; salidas[0]   ; 2.5 V        ; 0 s                 ; 0 s                 ; 2.32 V                       ; 8.25e-09 V                   ; 2.41 V              ; -0.0859 V           ; 0.289 V                              ; 0.136 V                              ; 3.15e-10 s                  ; 4.16e-10 s                  ; No                         ; Yes                        ; 2.32 V                      ; 8.25e-09 V                  ; 2.41 V             ; -0.0859 V          ; 0.289 V                             ; 0.136 V                             ; 3.15e-10 s                 ; 4.16e-10 s                 ; No                        ; Yes                       ;
; ~ALTERA_TDO~ ; 2.5 V        ; 0 s                 ; 0 s                 ; 2.32 V                       ; 1.39e-08 V                   ; 2.39 V              ; -0.0409 V           ; 0.21 V                               ; 0.121 V                              ; 4.7e-10 s                   ; 5.93e-10 s                  ; No                         ; Yes                        ; 2.32 V                      ; 1.39e-08 V                  ; 2.39 V             ; -0.0409 V          ; 0.21 V                              ; 0.121 V                             ; 4.7e-10 s                  ; 5.93e-10 s                 ; No                        ; Yes                       ;
+--------------+--------------+---------------------+---------------------+------------------------------+------------------------------+---------------------+---------------------+--------------------------------------+--------------------------------------+-----------------------------+-----------------------------+----------------------------+----------------------------+-----------------------------+-----------------------------+--------------------+--------------------+-------------------------------------+-------------------------------------+----------------------------+----------------------------+---------------------------+---------------------------+


+-------------------------------------------------------------------------------------------------------------------------------------------------------------------------------------------------------------------------------------------------------------------------------------------------------------------------------------------------------------------------------------------------------------------------------------------------------------------------------------------------------------------------------------------------------------------------------------------------------------------------------------------------------------------------------------------+
; Signal Integrity Metrics (Slow 1200mv 85c Model)                                                                                                                                                                                                                                                                                                                                                                                                                                                                                                                                                                                                                                          ;
+--------------+--------------+---------------------+---------------------+------------------------------+------------------------------+---------------------+---------------------+--------------------------------------+--------------------------------------+-----------------------------+-----------------------------+----------------------------+----------------------------+-----------------------------+-----------------------------+--------------------+--------------------+-------------------------------------+-------------------------------------+----------------------------+----------------------------+---------------------------+---------------------------+
; Pin          ; I/O Standard ; Board Delay on Rise ; Board Delay on Fall ; Steady State Voh at FPGA Pin ; Steady State Vol at FPGA Pin ; Voh Max at FPGA Pin ; Vol Min at FPGA Pin ; Ringback Voltage on Rise at FPGA Pin ; Ringback Voltage on Fall at FPGA Pin ; 10-90 Rise Time at FPGA Pin ; 90-10 Fall Time at FPGA Pin ; Monotonic Rise at FPGA Pin ; Monotonic Fall at FPGA Pin ; Steady State Voh at Far-end ; Steady State Vol at Far-end ; Voh Max at Far-end ; Vol Min at Far-end ; Ringback Voltage on Rise at Far-end ; Ringback Voltage on Fall at Far-end ; 10-90 Rise Time at Far-end ; 90-10 Fall Time at Far-end ; Monotonic Rise at Far-end ; Monotonic Fall at Far-end ;
+--------------+--------------+---------------------+---------------------+------------------------------+------------------------------+---------------------+---------------------+--------------------------------------+--------------------------------------+-----------------------------+-----------------------------+----------------------------+----------------------------+-----------------------------+-----------------------------+--------------------+--------------------+-------------------------------------+-------------------------------------+----------------------------+----------------------------+---------------------------+---------------------------+
; edoPres[2]   ; 2.5 V        ; 0 s                 ; 0 s                 ; 2.32 V                       ; 1.16e-06 V                   ; 2.37 V              ; -0.0508 V           ; 0.153 V                              ; 0.187 V                              ; 4.63e-10 s                  ; 4.49e-10 s                  ; Yes                        ; Yes                        ; 2.32 V                      ; 1.16e-06 V                  ; 2.37 V             ; -0.0508 V          ; 0.153 V                             ; 0.187 V                             ; 4.63e-10 s                 ; 4.49e-10 s                 ; Yes                       ; Yes                       ;
; edoPres[1]   ; 2.5 V        ; 0 s                 ; 0 s                 ; 2.32 V                       ; 1.16e-06 V                   ; 2.37 V              ; -0.0508 V           ; 0.153 V                              ; 0.187 V                              ; 4.63e-10 s                  ; 4.49e-10 s                  ; Yes                        ; Yes                        ; 2.32 V                      ; 1.16e-06 V                  ; 2.37 V             ; -0.0508 V          ; 0.153 V                             ; 0.187 V                             ; 4.63e-10 s                 ; 4.49e-10 s                 ; Yes                       ; Yes                       ;
; edoPres[0]   ; 2.5 V        ; 0 s                 ; 0 s                 ; 2.32 V                       ; 1.16e-06 V                   ; 2.37 V              ; -0.049 V            ; 0.154 V                              ; 0.186 V                              ; 4.63e-10 s                  ; 4.5e-10 s                   ; Yes                        ; Yes                        ; 2.32 V                      ; 1.16e-06 V                  ; 2.37 V             ; -0.049 V           ; 0.154 V                             ; 0.186 V                             ; 4.63e-10 s                 ; 4.5e-10 s                  ; Yes                       ; Yes                       ;
; liga[2]      ; 2.5 V        ; 0 s                 ; 0 s                 ; 2.32 V                       ; 1.16e-06 V                   ; 2.37 V              ; -0.049 V            ; 0.154 V                              ; 0.186 V                              ; 4.63e-10 s                  ; 4.5e-10 s                   ; Yes                        ; Yes                        ; 2.32 V                      ; 1.16e-06 V                  ; 2.37 V             ; -0.049 V           ; 0.154 V                             ; 0.186 V                             ; 4.63e-10 s                 ; 4.5e-10 s                  ; Yes                       ; Yes                       ;
; liga[1]      ; 2.5 V        ; 0 s                 ; 0 s                 ; 2.32 V                       ; 1.16e-06 V                   ; 2.37 V              ; -0.049 V            ; 0.154 V                              ; 0.186 V                              ; 4.63e-10 s                  ; 4.5e-10 s                   ; Yes                        ; Yes                        ; 2.32 V                      ; 1.16e-06 V                  ; 2.37 V             ; -0.049 V           ; 0.154 V                             ; 0.186 V                             ; 4.63e-10 s                 ; 4.5e-10 s                  ; Yes                       ; Yes                       ;
; liga[0]      ; 2.5 V        ; 0 s                 ; 0 s                 ; 2.32 V                       ; 1.16e-06 V                   ; 2.37 V              ; -0.0508 V           ; 0.153 V                              ; 0.187 V                              ; 4.63e-10 s                  ; 4.49e-10 s                  ; Yes                        ; Yes                        ; 2.32 V                      ; 1.16e-06 V                  ; 2.37 V             ; -0.0508 V          ; 0.153 V                             ; 0.187 V                             ; 4.63e-10 s                 ; 4.49e-10 s                 ; Yes                       ; Yes                       ;
; salidas[2]   ; 2.5 V        ; 0 s                 ; 0 s                 ; 2.32 V                       ; 1.16e-06 V                   ; 2.37 V              ; -0.049 V            ; 0.154 V                              ; 0.186 V                              ; 4.63e-10 s                  ; 4.5e-10 s                   ; Yes                        ; Yes                        ; 2.32 V                      ; 1.16e-06 V                  ; 2.37 V             ; -0.049 V           ; 0.154 V                             ; 0.186 V                             ; 4.63e-10 s                 ; 4.5e-10 s                  ; Yes                       ; Yes                       ;
; salidas[1]   ; 2.5 V        ; 0 s                 ; 0 s                 ; 2.32 V                       ; 1.16e-06 V                   ; 2.37 V              ; -0.0508 V           ; 0.153 V                              ; 0.187 V                              ; 4.63e-10 s                  ; 4.49e-10 s                  ; Yes                        ; Yes                        ; 2.32 V                      ; 1.16e-06 V                  ; 2.37 V             ; -0.0508 V          ; 0.153 V                             ; 0.187 V                             ; 4.63e-10 s                 ; 4.49e-10 s                 ; Yes                       ; Yes                       ;
; salidas[0]   ; 2.5 V        ; 0 s                 ; 0 s                 ; 2.32 V                       ; 1.16e-06 V                   ; 2.37 V              ; -0.049 V            ; 0.154 V                              ; 0.186 V                              ; 4.63e-10 s                  ; 4.5e-10 s                   ; Yes                        ; Yes                        ; 2.32 V                      ; 1.16e-06 V                  ; 2.37 V             ; -0.049 V           ; 0.154 V                             ; 0.186 V                             ; 4.63e-10 s                 ; 4.5e-10 s                  ; Yes                       ; Yes                       ;
; ~ALTERA_TDO~ ; 2.5 V        ; 0 s                 ; 0 s                 ; 2.32 V                       ; 1.97e-06 V                   ; 2.36 V              ; -0.0173 V           ; 0.144 V                              ; 0.094 V                              ; 6.44e-10 s                  ; 7.2e-10 s                   ; No                         ; Yes                        ; 2.32 V                      ; 1.97e-06 V                  ; 2.36 V             ; -0.0173 V          ; 0.144 V                             ; 0.094 V                             ; 6.44e-10 s                 ; 7.2e-10 s                  ; No                        ; Yes                       ;
+--------------+--------------+---------------------+---------------------+------------------------------+------------------------------+---------------------+---------------------+--------------------------------------+--------------------------------------+-----------------------------+-----------------------------+----------------------------+----------------------------+-----------------------------+-----------------------------+--------------------+--------------------+-------------------------------------+-------------------------------------+----------------------------+----------------------------+---------------------------+---------------------------+


+-------------------------------------------------------------------------------------------------------------------------------------------------------------------------------------------------------------------------------------------------------------------------------------------------------------------------------------------------------------------------------------------------------------------------------------------------------------------------------------------------------------------------------------------------------------------------------------------------------------------------------------------------------------------------------------------+
; Signal Integrity Metrics (Fast 1200mv 0c Model)                                                                                                                                                                                                                                                                                                                                                                                                                                                                                                                                                                                                                                           ;
+--------------+--------------+---------------------+---------------------+------------------------------+------------------------------+---------------------+---------------------+--------------------------------------+--------------------------------------+-----------------------------+-----------------------------+----------------------------+----------------------------+-----------------------------+-----------------------------+--------------------+--------------------+-------------------------------------+-------------------------------------+----------------------------+----------------------------+---------------------------+---------------------------+
; Pin          ; I/O Standard ; Board Delay on Rise ; Board Delay on Fall ; Steady State Voh at FPGA Pin ; Steady State Vol at FPGA Pin ; Voh Max at FPGA Pin ; Vol Min at FPGA Pin ; Ringback Voltage on Rise at FPGA Pin ; Ringback Voltage on Fall at FPGA Pin ; 10-90 Rise Time at FPGA Pin ; 90-10 Fall Time at FPGA Pin ; Monotonic Rise at FPGA Pin ; Monotonic Fall at FPGA Pin ; Steady State Voh at Far-end ; Steady State Vol at Far-end ; Voh Max at Far-end ; Vol Min at Far-end ; Ringback Voltage on Rise at Far-end ; Ringback Voltage on Fall at Far-end ; 10-90 Rise Time at Far-end ; 90-10 Fall Time at Far-end ; Monotonic Rise at Far-end ; Monotonic Fall at Far-end ;
+--------------+--------------+---------------------+---------------------+------------------------------+------------------------------+---------------------+---------------------+--------------------------------------+--------------------------------------+-----------------------------+-----------------------------+----------------------------+----------------------------+-----------------------------+-----------------------------+--------------------+--------------------+-------------------------------------+-------------------------------------+----------------------------+----------------------------+---------------------------+---------------------------+
; edoPres[2]   ; 2.5 V        ; 0 s                 ; 0 s                 ; 2.62 V                       ; 9.94e-08 V                   ; 2.78 V              ; -0.0444 V           ; 0.25 V                               ; 0.107 V                              ; 2.67e-10 s                  ; 2.75e-10 s                  ; No                         ; Yes                        ; 2.62 V                      ; 9.94e-08 V                  ; 2.78 V             ; -0.0444 V          ; 0.25 V                              ; 0.107 V                             ; 2.67e-10 s                 ; 2.75e-10 s                 ; No                        ; Yes                       ;
; edoPres[1]   ; 2.5 V        ; 0 s                 ; 0 s                 ; 2.62 V                       ; 9.94e-08 V                   ; 2.78 V              ; -0.0444 V           ; 0.25 V                               ; 0.107 V                              ; 2.67e-10 s                  ; 2.75e-10 s                  ; No                         ; Yes                        ; 2.62 V                      ; 9.94e-08 V                  ; 2.78 V             ; -0.0444 V          ; 0.25 V                              ; 0.107 V                             ; 2.67e-10 s                 ; 2.75e-10 s                 ; No                        ; Yes                       ;
; edoPres[0]   ; 2.5 V        ; 0 s                 ; 0 s                 ; 2.62 V                       ; 9.95e-08 V                   ; 2.78 V              ; -0.0452 V           ; 0.248 V                              ; 0.108 V                              ; 2.67e-10 s                  ; 2.75e-10 s                  ; No                         ; Yes                        ; 2.62 V                      ; 9.95e-08 V                  ; 2.78 V             ; -0.0452 V          ; 0.248 V                             ; 0.108 V                             ; 2.67e-10 s                 ; 2.75e-10 s                 ; No                        ; Yes                       ;
; liga[2]      ; 2.5 V        ; 0 s                 ; 0 s                 ; 2.62 V                       ; 9.95e-08 V                   ; 2.78 V              ; -0.0452 V           ; 0.248 V                              ; 0.108 V                              ; 2.67e-10 s                  ; 2.75e-10 s                  ; No                         ; Yes                        ; 2.62 V                      ; 9.95e-08 V                  ; 2.78 V             ; -0.0452 V          ; 0.248 V                             ; 0.108 V                             ; 2.67e-10 s                 ; 2.75e-10 s                 ; No                        ; Yes                       ;
; liga[1]      ; 2.5 V        ; 0 s                 ; 0 s                 ; 2.62 V                       ; 9.95e-08 V                   ; 2.78 V              ; -0.0452 V           ; 0.248 V                              ; 0.108 V                              ; 2.67e-10 s                  ; 2.75e-10 s                  ; No                         ; Yes                        ; 2.62 V                      ; 9.95e-08 V                  ; 2.78 V             ; -0.0452 V          ; 0.248 V                             ; 0.108 V                             ; 2.67e-10 s                 ; 2.75e-10 s                 ; No                        ; Yes                       ;
; liga[0]      ; 2.5 V        ; 0 s                 ; 0 s                 ; 2.62 V                       ; 9.94e-08 V                   ; 2.78 V              ; -0.0444 V           ; 0.25 V                               ; 0.107 V                              ; 2.67e-10 s                  ; 2.75e-10 s                  ; No                         ; Yes                        ; 2.62 V                      ; 9.94e-08 V                  ; 2.78 V             ; -0.0444 V          ; 0.25 V                              ; 0.107 V                             ; 2.67e-10 s                 ; 2.75e-10 s                 ; No                        ; Yes                       ;
; salidas[2]   ; 2.5 V        ; 0 s                 ; 0 s                 ; 2.62 V                       ; 9.95e-08 V                   ; 2.78 V              ; -0.0452 V           ; 0.248 V                              ; 0.108 V                              ; 2.67e-10 s                  ; 2.75e-10 s                  ; No                         ; Yes                        ; 2.62 V                      ; 9.95e-08 V                  ; 2.78 V             ; -0.0452 V          ; 0.248 V                             ; 0.108 V                             ; 2.67e-10 s                 ; 2.75e-10 s                 ; No                        ; Yes                       ;
; salidas[1]   ; 2.5 V        ; 0 s                 ; 0 s                 ; 2.62 V                       ; 9.94e-08 V                   ; 2.78 V              ; -0.0444 V           ; 0.25 V                               ; 0.107 V                              ; 2.67e-10 s                  ; 2.75e-10 s                  ; No                         ; Yes                        ; 2.62 V                      ; 9.94e-08 V                  ; 2.78 V             ; -0.0444 V          ; 0.25 V                              ; 0.107 V                             ; 2.67e-10 s                 ; 2.75e-10 s                 ; No                        ; Yes                       ;
; salidas[0]   ; 2.5 V        ; 0 s                 ; 0 s                 ; 2.62 V                       ; 9.95e-08 V                   ; 2.78 V              ; -0.0452 V           ; 0.248 V                              ; 0.108 V                              ; 2.67e-10 s                  ; 2.75e-10 s                  ; No                         ; Yes                        ; 2.62 V                      ; 9.95e-08 V                  ; 2.78 V             ; -0.0452 V          ; 0.248 V                             ; 0.108 V                             ; 2.67e-10 s                 ; 2.75e-10 s                 ; No                        ; Yes                       ;
; ~ALTERA_TDO~ ; 2.5 V        ; 0 s                 ; 0 s                 ; 2.62 V                       ; 1.68e-07 V                   ; 2.73 V              ; -0.0395 V           ; 0.361 V                              ; 0.109 V                              ; 3.1e-10 s                   ; 4.41e-10 s                  ; No                         ; Yes                        ; 2.62 V                      ; 1.68e-07 V                  ; 2.73 V             ; -0.0395 V          ; 0.361 V                             ; 0.109 V                             ; 3.1e-10 s                  ; 4.41e-10 s                 ; No                        ; Yes                       ;
+--------------+--------------+---------------------+---------------------+------------------------------+------------------------------+---------------------+---------------------+--------------------------------------+--------------------------------------+-----------------------------+-----------------------------+----------------------------+----------------------------+-----------------------------+-----------------------------+--------------------+--------------------+-------------------------------------+-------------------------------------+----------------------------+----------------------------+---------------------------+---------------------------+


+-------------------------------------------------------------------------------------------------+
; Setup Transfers                                                                                 ;
+--------------------------+--------------------------+----------+----------+----------+----------+
; From Clock               ; To Clock                 ; RR Paths ; FR Paths ; RF Paths ; FF Paths ;
+--------------------------+--------------------------+----------+----------+----------+----------+
<<<<<<< HEAD
<<<<<<< HEAD
=======
<<<<<<< HEAD
>>>>>>> main
; clk                      ; clk                      ; 377      ; 0        ; 0        ; 0        ;
; div_frec:inst|cuenta[26] ; clk                      ; 1        ; 1        ; 0        ; 0        ;
; div_frec:inst|cuenta[26] ; div_frec:inst|cuenta[26] ; 9        ; 0        ; 0        ; 0        ;
=======
; clk                      ; clk                      ; 405      ; 0        ; 0        ; 0        ;
; div_frec:inst|cuenta[27] ; clk                      ; 1        ; 1        ; 0        ; 0        ;
; div_frec:inst|cuenta[27] ; div_frec:inst|cuenta[27] ; 11       ; 0        ; 0        ; 0        ;
<<<<<<< HEAD
>>>>>>> main
=======
>>>>>>> 8b052fd (Version practica 04)
=======
; clk                      ; clk                      ; 405      ; 0        ; 0        ; 0        ;
; div_frec:inst|cuenta[27] ; clk                      ; 1        ; 1        ; 0        ; 0        ;
; div_frec:inst|cuenta[27] ; div_frec:inst|cuenta[27] ; 11       ; 0        ; 0        ; 0        ;
>>>>>>> 8b052fd8f1de3b2e6a912938a51f7765113d8464
>>>>>>> main
+--------------------------+--------------------------+----------+----------+----------+----------+
Entries labeled "false path" only account for clock-to-clock false paths and not path-based false paths. As a result, actual path counts may be lower than reported.


+-------------------------------------------------------------------------------------------------+
; Hold Transfers                                                                                  ;
+--------------------------+--------------------------+----------+----------+----------+----------+
; From Clock               ; To Clock                 ; RR Paths ; FR Paths ; RF Paths ; FF Paths ;
+--------------------------+--------------------------+----------+----------+----------+----------+
<<<<<<< HEAD
<<<<<<< HEAD
=======
<<<<<<< HEAD
>>>>>>> main
; clk                      ; clk                      ; 377      ; 0        ; 0        ; 0        ;
; div_frec:inst|cuenta[26] ; clk                      ; 1        ; 1        ; 0        ; 0        ;
; div_frec:inst|cuenta[26] ; div_frec:inst|cuenta[26] ; 9        ; 0        ; 0        ; 0        ;
=======
; clk                      ; clk                      ; 405      ; 0        ; 0        ; 0        ;
; div_frec:inst|cuenta[27] ; clk                      ; 1        ; 1        ; 0        ; 0        ;
; div_frec:inst|cuenta[27] ; div_frec:inst|cuenta[27] ; 11       ; 0        ; 0        ; 0        ;
<<<<<<< HEAD
>>>>>>> main
=======
>>>>>>> 8b052fd (Version practica 04)
=======
; clk                      ; clk                      ; 405      ; 0        ; 0        ; 0        ;
; div_frec:inst|cuenta[27] ; clk                      ; 1        ; 1        ; 0        ; 0        ;
; div_frec:inst|cuenta[27] ; div_frec:inst|cuenta[27] ; 11       ; 0        ; 0        ; 0        ;
>>>>>>> 8b052fd8f1de3b2e6a912938a51f7765113d8464
>>>>>>> main
+--------------------------+--------------------------+----------+----------+----------+----------+
Entries labeled "false path" only account for clock-to-clock false paths and not path-based false paths. As a result, actual path counts may be lower than reported.


---------------
; Report TCCS ;
---------------
No dedicated SERDES Transmitter circuitry present in device or used in design


---------------
; Report RSKM ;
---------------
No non-DPA dedicated SERDES Receiver circuitry present in device or used in design


+------------------------------------------------+
; Unconstrained Paths Summary                    ;
+---------------------------------+-------+------+
; Property                        ; Setup ; Hold ;
+---------------------------------+-------+------+
; Illegal Clocks                  ; 0     ; 0    ;
; Unconstrained Clocks            ; 0     ; 0    ;
; Unconstrained Input Ports       ; 4     ; 4    ;
<<<<<<< HEAD
<<<<<<< HEAD
; Unconstrained Input Port Paths  ; 30    ; 30   ;
=======
; Unconstrained Input Port Paths  ; 19    ; 19   ;
>>>>>>> main
=======
<<<<<<< HEAD
; Unconstrained Input Port Paths  ; 30    ; 30   ;
=======
; Unconstrained Input Port Paths  ; 19    ; 19   ;
>>>>>>> 8b052fd (Version practica 04)
=======
; Unconstrained Input Port Paths  ; 19    ; 19   ;
>>>>>>> 8b052fd8f1de3b2e6a912938a51f7765113d8464
>>>>>>> main
; Unconstrained Output Ports      ; 9     ; 9    ;
; Unconstrained Output Port Paths ; 30    ; 30   ;
+---------------------------------+-------+------+


+--------------------------------------------------------------------------+
; Clock Status Summary                                                     ;
+--------------------------+--------------------------+------+-------------+
; Target                   ; Clock                    ; Type ; Status      ;
+--------------------------+--------------------------+------+-------------+
; clk                      ; clk                      ; Base ; Constrained ;
<<<<<<< HEAD
<<<<<<< HEAD
; div_frec:inst|cuenta[26] ; div_frec:inst|cuenta[26] ; Base ; Constrained ;
=======
; div_frec:inst|cuenta[27] ; div_frec:inst|cuenta[27] ; Base ; Constrained ;
>>>>>>> main
=======
<<<<<<< HEAD
; div_frec:inst|cuenta[26] ; div_frec:inst|cuenta[26] ; Base ; Constrained ;
=======
; div_frec:inst|cuenta[27] ; div_frec:inst|cuenta[27] ; Base ; Constrained ;
>>>>>>> 8b052fd (Version practica 04)
=======
; div_frec:inst|cuenta[27] ; div_frec:inst|cuenta[27] ; Base ; Constrained ;
>>>>>>> 8b052fd8f1de3b2e6a912938a51f7765113d8464
>>>>>>> main
+--------------------------+--------------------------+------+-------------+


+---------------------------------------------------------------------------------------------------+
; Unconstrained Input Ports                                                                         ;
+------------+--------------------------------------------------------------------------------------+
; Input Port ; Comment                                                                              ;
+------------+--------------------------------------------------------------------------------------+
; A[0]       ; No input delay, min/max delays, false-path exceptions, or max skew assignments found ;
; A[1]       ; No input delay, min/max delays, false-path exceptions, or max skew assignments found ;
; A[2]       ; No input delay, min/max delays, false-path exceptions, or max skew assignments found ;
; reset      ; No input delay, min/max delays, false-path exceptions, or max skew assignments found ;
+------------+--------------------------------------------------------------------------------------+


+-----------------------------------------------------------------------------------------------------+
; Unconstrained Output Ports                                                                          ;
+-------------+---------------------------------------------------------------------------------------+
; Output Port ; Comment                                                                               ;
+-------------+---------------------------------------------------------------------------------------+
; edoPres[0]  ; No output delay, min/max delays, false-path exceptions, or max skew assignments found ;
; edoPres[1]  ; No output delay, min/max delays, false-path exceptions, or max skew assignments found ;
; edoPres[2]  ; No output delay, min/max delays, false-path exceptions, or max skew assignments found ;
; liga[0]     ; No output delay, min/max delays, false-path exceptions, or max skew assignments found ;
; liga[1]     ; No output delay, min/max delays, false-path exceptions, or max skew assignments found ;
; liga[2]     ; No output delay, min/max delays, false-path exceptions, or max skew assignments found ;
; salidas[0]  ; No output delay, min/max delays, false-path exceptions, or max skew assignments found ;
; salidas[1]  ; No output delay, min/max delays, false-path exceptions, or max skew assignments found ;
; salidas[2]  ; No output delay, min/max delays, false-path exceptions, or max skew assignments found ;
+-------------+---------------------------------------------------------------------------------------+


+---------------------------------------------------------------------------------------------------+
; Unconstrained Input Ports                                                                         ;
+------------+--------------------------------------------------------------------------------------+
; Input Port ; Comment                                                                              ;
+------------+--------------------------------------------------------------------------------------+
; A[0]       ; No input delay, min/max delays, false-path exceptions, or max skew assignments found ;
; A[1]       ; No input delay, min/max delays, false-path exceptions, or max skew assignments found ;
; A[2]       ; No input delay, min/max delays, false-path exceptions, or max skew assignments found ;
; reset      ; No input delay, min/max delays, false-path exceptions, or max skew assignments found ;
+------------+--------------------------------------------------------------------------------------+


+-----------------------------------------------------------------------------------------------------+
; Unconstrained Output Ports                                                                          ;
+-------------+---------------------------------------------------------------------------------------+
; Output Port ; Comment                                                                               ;
+-------------+---------------------------------------------------------------------------------------+
; edoPres[0]  ; No output delay, min/max delays, false-path exceptions, or max skew assignments found ;
; edoPres[1]  ; No output delay, min/max delays, false-path exceptions, or max skew assignments found ;
; edoPres[2]  ; No output delay, min/max delays, false-path exceptions, or max skew assignments found ;
; liga[0]     ; No output delay, min/max delays, false-path exceptions, or max skew assignments found ;
; liga[1]     ; No output delay, min/max delays, false-path exceptions, or max skew assignments found ;
; liga[2]     ; No output delay, min/max delays, false-path exceptions, or max skew assignments found ;
; salidas[0]  ; No output delay, min/max delays, false-path exceptions, or max skew assignments found ;
; salidas[1]  ; No output delay, min/max delays, false-path exceptions, or max skew assignments found ;
; salidas[2]  ; No output delay, min/max delays, false-path exceptions, or max skew assignments found ;
+-------------+---------------------------------------------------------------------------------------+


+--------------------------+
; Timing Analyzer Messages ;
+--------------------------+
Info: *******************************************************************
Info: Running Quartus Prime Timing Analyzer
    Info: Version 18.0.0 Build 614 04/24/2018 SJ Lite Edition
<<<<<<< HEAD
<<<<<<< HEAD
    Info: Processing started: Fri Mar 24 00:35:32 2023
=======
    Info: Processing started: Fri Mar 24 08:55:58 2023
>>>>>>> main
=======
<<<<<<< HEAD
    Info: Processing started: Fri Mar 24 00:35:32 2023
=======
    Info: Processing started: Fri Mar 24 08:55:58 2023
>>>>>>> 8b052fd (Version practica 04)
=======
    Info: Processing started: Fri Mar 24 08:55:58 2023
>>>>>>> 8b052fd8f1de3b2e6a912938a51f7765113d8464
>>>>>>> main
Info: Command: quartus_sta practica3 -c practica3
Info: qsta_default_script.tcl version: #2
Warning (18236): Number of processors has not been specified which may cause overloading on shared machines.  Set the global assignment NUM_PARALLEL_PROCESSORS in your QSF to an appropriate value for best performance.
Info (20030): Parallel compilation is enabled and will use 2 of the 2 processors detected
Info (21077): Low junction temperature is 0 degrees C
Info (21077): High junction temperature is 85 degrees C
Critical Warning (332012): Synopsys Design Constraints File file not found: 'practica3.sdc'. A Synopsys Design Constraints File is required by the Timing Analyzer to get proper timing constraints. Without it, the Compiler will not properly optimize the design.
Info (332142): No user constrained base clocks found in the design. Calling "derive_clocks -period 1.0"
Info (332105): Deriving Clocks
    Info (332105): create_clock -period 1.000 -name clk clk
<<<<<<< HEAD
<<<<<<< HEAD
    Info (332105): create_clock -period 1.000 -name div_frec:inst|cuenta[26] div_frec:inst|cuenta[26]
=======
    Info (332105): create_clock -period 1.000 -name div_frec:inst|cuenta[27] div_frec:inst|cuenta[27]
>>>>>>> main
=======
<<<<<<< HEAD
    Info (332105): create_clock -period 1.000 -name div_frec:inst|cuenta[26] div_frec:inst|cuenta[26]
=======
    Info (332105): create_clock -period 1.000 -name div_frec:inst|cuenta[27] div_frec:inst|cuenta[27]
>>>>>>> 8b052fd (Version practica 04)
=======
    Info (332105): create_clock -period 1.000 -name div_frec:inst|cuenta[27] div_frec:inst|cuenta[27]
>>>>>>> 8b052fd8f1de3b2e6a912938a51f7765113d8464
>>>>>>> main
Info (332143): No user constrained clock uncertainty found in the design. Calling "derive_clock_uncertainty"
Info (332123): Deriving Clock Uncertainty. Please refer to report_sdc in the Timing Analyzer to see clock uncertainties.
Info: Found TIMING_ANALYZER_REPORT_SCRIPT_INCLUDE_DEFAULT_ANALYSIS = ON
Info: Analyzing Slow 1200mV 85C Model
Info: Can't run Report Timing Closure Recommendations. The current device family is not supported.
Critical Warning (332148): Timing requirements not met
<<<<<<< HEAD
<<<<<<< HEAD
=======
<<<<<<< HEAD
>>>>>>> main
Info (332146): Worst-case setup slack is -2.331
    Info (332119):     Slack       End Point TNS Clock 
    Info (332119): ========= =================== =====================
    Info (332119):    -2.331             -38.893 clk 
    Info (332119):    -0.986              -2.267 div_frec:inst|cuenta[26] 
Info (332146): Worst-case hold slack is 0.329
    Info (332119):     Slack       End Point TNS Clock 
    Info (332119): ========= =================== =====================
    Info (332119):     0.329               0.000 div_frec:inst|cuenta[26] 
    Info (332119):     0.498               0.000 clk 
=======
<<<<<<< HEAD
=======
=======
>>>>>>> 8b052fd8f1de3b2e6a912938a51f7765113d8464
>>>>>>> main
Info (332146): Worst-case setup slack is -2.270
    Info (332119):     Slack       End Point TNS Clock 
    Info (332119): ========= =================== =====================
    Info (332119):    -2.270             -40.453 clk 
    Info (332119):    -1.325              -3.154 div_frec:inst|cuenta[27] 
Info (332146): Worst-case hold slack is 0.498
    Info (332119):     Slack       End Point TNS Clock 
    Info (332119): ========= =================== =====================
    Info (332119):     0.498               0.000 clk 
    Info (332119):     1.076               0.000 div_frec:inst|cuenta[27] 
<<<<<<< HEAD
>>>>>>> main
=======
<<<<<<< HEAD
>>>>>>> 8b052fd (Version practica 04)
=======
>>>>>>> 8b052fd8f1de3b2e6a912938a51f7765113d8464
>>>>>>> main
Info (332140): No Recovery paths to report
Info (332140): No Removal paths to report
Info (332146): Worst-case minimum pulse width slack is -3.000
    Info (332119):     Slack       End Point TNS Clock 
    Info (332119): ========= =================== =====================
<<<<<<< HEAD
<<<<<<< HEAD
=======
<<<<<<< HEAD
>>>>>>> main
    Info (332119):    -3.000             -40.881 clk 
    Info (332119):    -1.403              -4.209 div_frec:inst|cuenta[26] 
=======
    Info (332119):    -3.000             -42.284 clk 
    Info (332119):    -1.403              -4.209 div_frec:inst|cuenta[27] 
<<<<<<< HEAD
>>>>>>> main
=======
>>>>>>> 8b052fd (Version practica 04)
=======
    Info (332119):    -3.000             -42.284 clk 
    Info (332119):    -1.403              -4.209 div_frec:inst|cuenta[27] 
>>>>>>> 8b052fd8f1de3b2e6a912938a51f7765113d8464
>>>>>>> main
Info: Analyzing Slow 1200mV 0C Model
Info (334003): Started post-fitting delay annotation
Info (334004): Delay annotation completed successfully
Info (332123): Deriving Clock Uncertainty. Please refer to report_sdc in the Timing Analyzer to see clock uncertainties.
Critical Warning (332148): Timing requirements not met
<<<<<<< HEAD
<<<<<<< HEAD
=======
<<<<<<< HEAD
>>>>>>> main
Info (332146): Worst-case setup slack is -1.987
    Info (332119):     Slack       End Point TNS Clock 
    Info (332119): ========= =================== =====================
    Info (332119):    -1.987             -32.359 clk 
    Info (332119):    -0.813              -1.799 div_frec:inst|cuenta[26] 
Info (332146): Worst-case hold slack is 0.295
    Info (332119):     Slack       End Point TNS Clock 
    Info (332119): ========= =================== =====================
    Info (332119):     0.295               0.000 div_frec:inst|cuenta[26] 
    Info (332119):     0.444               0.000 clk 
=======
<<<<<<< HEAD
=======
=======
>>>>>>> 8b052fd8f1de3b2e6a912938a51f7765113d8464
>>>>>>> main
Info (332146): Worst-case setup slack is -1.934
    Info (332119):     Slack       End Point TNS Clock 
    Info (332119): ========= =================== =====================
    Info (332119):    -1.934             -33.740 clk 
    Info (332119):    -1.120              -2.608 div_frec:inst|cuenta[27] 
Info (332146): Worst-case hold slack is 0.444
    Info (332119):     Slack       End Point TNS Clock 
    Info (332119): ========= =================== =====================
    Info (332119):     0.444               0.000 clk 
    Info (332119):     0.996               0.000 div_frec:inst|cuenta[27] 
<<<<<<< HEAD
>>>>>>> main
=======
<<<<<<< HEAD
>>>>>>> 8b052fd (Version practica 04)
=======
>>>>>>> 8b052fd8f1de3b2e6a912938a51f7765113d8464
>>>>>>> main
Info (332140): No Recovery paths to report
Info (332140): No Removal paths to report
Info (332146): Worst-case minimum pulse width slack is -3.000
    Info (332119):     Slack       End Point TNS Clock 
    Info (332119): ========= =================== =====================
<<<<<<< HEAD
<<<<<<< HEAD
=======
<<<<<<< HEAD
>>>>>>> main
    Info (332119):    -3.000             -40.881 clk 
    Info (332119):    -1.403              -4.209 div_frec:inst|cuenta[26] 
=======
    Info (332119):    -3.000             -42.284 clk 
    Info (332119):    -1.403              -4.209 div_frec:inst|cuenta[27] 
<<<<<<< HEAD
>>>>>>> main
=======
>>>>>>> 8b052fd (Version practica 04)
=======
    Info (332119):    -3.000             -42.284 clk 
    Info (332119):    -1.403              -4.209 div_frec:inst|cuenta[27] 
>>>>>>> 8b052fd8f1de3b2e6a912938a51f7765113d8464
>>>>>>> main
Info: Analyzing Fast 1200mV 0C Model
Info (332123): Deriving Clock Uncertainty. Please refer to report_sdc in the Timing Analyzer to see clock uncertainties.
Critical Warning (332148): Timing requirements not met
Info (332146): Worst-case setup slack is -0.825
    Info (332119):     Slack       End Point TNS Clock 
    Info (332119): ========= =================== =====================
<<<<<<< HEAD
<<<<<<< HEAD
=======
<<<<<<< HEAD
>>>>>>> main
    Info (332119):    -0.825              -2.037 clk 
    Info (332119):     0.175               0.000 div_frec:inst|cuenta[26] 
Info (332146): Worst-case hold slack is 0.143
    Info (332119):     Slack       End Point TNS Clock 
    Info (332119): ========= =================== =====================
    Info (332119):     0.143               0.000 div_frec:inst|cuenta[26] 
    Info (332119):     0.181               0.000 clk 
=======
<<<<<<< HEAD
=======
=======
>>>>>>> 8b052fd8f1de3b2e6a912938a51f7765113d8464
>>>>>>> main
    Info (332119):    -0.825              -2.116 clk 
    Info (332119):     0.040               0.000 div_frec:inst|cuenta[27] 
Info (332146): Worst-case hold slack is 0.181
    Info (332119):     Slack       End Point TNS Clock 
    Info (332119): ========= =================== =====================
    Info (332119):     0.181               0.000 clk 
    Info (332119):     0.426               0.000 div_frec:inst|cuenta[27] 
<<<<<<< HEAD
>>>>>>> main
=======
<<<<<<< HEAD
>>>>>>> 8b052fd (Version practica 04)
=======
>>>>>>> 8b052fd8f1de3b2e6a912938a51f7765113d8464
>>>>>>> main
Info (332140): No Recovery paths to report
Info (332140): No Removal paths to report
Info (332146): Worst-case minimum pulse width slack is -3.000
    Info (332119):     Slack       End Point TNS Clock 
    Info (332119): ========= =================== =====================
<<<<<<< HEAD
<<<<<<< HEAD
=======
<<<<<<< HEAD
>>>>>>> main
    Info (332119):    -3.000             -30.996 clk 
    Info (332119):    -1.000              -3.000 div_frec:inst|cuenta[26] 
=======
    Info (332119):    -3.000             -32.056 clk 
    Info (332119):    -1.000              -3.000 div_frec:inst|cuenta[27] 
<<<<<<< HEAD
>>>>>>> main
=======
>>>>>>> 8b052fd (Version practica 04)
=======
    Info (332119):    -3.000             -32.056 clk 
    Info (332119):    -1.000              -3.000 div_frec:inst|cuenta[27] 
>>>>>>> 8b052fd8f1de3b2e6a912938a51f7765113d8464
>>>>>>> main
Info (332102): Design is not fully constrained for setup requirements
Info (332102): Design is not fully constrained for hold requirements
Info: Quartus Prime Timing Analyzer was successful. 0 errors, 5 warnings
    Info: Peak virtual memory: 4789 megabytes
<<<<<<< HEAD
<<<<<<< HEAD
=======
<<<<<<< HEAD
>>>>>>> main
    Info: Processing ended: Fri Mar 24 00:35:41 2023
    Info: Elapsed time: 00:00:09
    Info: Total CPU time (on all processors): 00:00:09
=======
    Info: Processing ended: Fri Mar 24 08:56:02 2023
    Info: Elapsed time: 00:00:04
    Info: Total CPU time (on all processors): 00:00:03
<<<<<<< HEAD
>>>>>>> main
=======
>>>>>>> 8b052fd (Version practica 04)
=======
    Info: Processing ended: Fri Mar 24 08:56:02 2023
    Info: Elapsed time: 00:00:04
    Info: Total CPU time (on all processors): 00:00:03
>>>>>>> 8b052fd8f1de3b2e6a912938a51f7765113d8464
>>>>>>> main


