Analysis & Synthesis report for practica3
<<<<<<< HEAD
<<<<<<< HEAD
Fri Mar 24 00:34:42 2023
=======
Fri Mar 24 08:55:34 2023
>>>>>>> 8b052fd (Version practica 04)
=======
Fri Mar 24 08:55:34 2023
>>>>>>> 8b052fd8f1de3b2e6a912938a51f7765113d8464
Quartus Prime Version 18.0.0 Build 614 04/24/2018 SJ Lite Edition


---------------------
; Table of Contents ;
---------------------
  1. Legal Notice
  2. Analysis & Synthesis Summary
  3. Analysis & Synthesis Settings
  4. Parallel Compilation
  5. Analysis & Synthesis Source Files Read
  6. Analysis & Synthesis Resource Usage Summary
  7. Analysis & Synthesis Resource Utilization by Entity
  8. Registers Removed During Synthesis
  9. General Register Statistics
 10. Post-Synthesis Netlist Statistics for Top Partition
 11. Elapsed Time Per Partition
 12. Analysis & Synthesis Messages



----------------
; Legal Notice ;
----------------
Copyright (C) 2018  Intel Corporation. All rights reserved.
Your use of Intel Corporation's design tools, logic functions 
and other software and tools, and its AMPP partner logic 
functions, and any output files from any of the foregoing 
(including device programming or simulation files), and any 
associated documentation or information are expressly subject 
to the terms and conditions of the Intel Program License 
Subscription Agreement, the Intel Quartus Prime License Agreement,
the Intel FPGA IP License Agreement, or other applicable license
agreement, including, without limitation, that your use is for
the sole purpose of programming logic devices manufactured by
Intel and sold by Intel or its authorized distributors.  Please
refer to the applicable agreement for further details.



+----------------------------------------------------------------------------------+
; Analysis & Synthesis Summary                                                     ;
+------------------------------------+---------------------------------------------+
<<<<<<< HEAD
<<<<<<< HEAD
; Analysis & Synthesis Status        ; Successful - Fri Mar 24 00:34:42 2023       ;
=======
; Analysis & Synthesis Status        ; Successful - Fri Mar 24 08:55:34 2023       ;
>>>>>>> 8b052fd (Version practica 04)
=======
; Analysis & Synthesis Status        ; Successful - Fri Mar 24 08:55:34 2023       ;
>>>>>>> 8b052fd8f1de3b2e6a912938a51f7765113d8464
; Quartus Prime Version              ; 18.0.0 Build 614 04/24/2018 SJ Lite Edition ;
; Revision Name                      ; practica3                                   ;
; Top-level Entity Name              ; practica3                                   ;
; Family                             ; MAX 10                                      ;
<<<<<<< HEAD
<<<<<<< HEAD
; Total logic elements               ; 37                                          ;
;     Total combinational functions  ; 37                                          ;
;     Dedicated logic registers      ; 30                                          ;
; Total registers                    ; 30                                          ;
=======
=======
>>>>>>> 8b052fd8f1de3b2e6a912938a51f7765113d8464
; Total logic elements               ; 38                                          ;
;     Total combinational functions  ; 38                                          ;
;     Dedicated logic registers      ; 31                                          ;
; Total registers                    ; 31                                          ;
<<<<<<< HEAD
>>>>>>> 8b052fd (Version practica 04)
=======
>>>>>>> 8b052fd8f1de3b2e6a912938a51f7765113d8464
; Total pins                         ; 14                                          ;
; Total virtual pins                 ; 0                                           ;
; Total memory bits                  ; 0                                           ;
; Embedded Multiplier 9-bit elements ; 0                                           ;
; Total PLLs                         ; 0                                           ;
; UFM blocks                         ; 0                                           ;
; ADC blocks                         ; 0                                           ;
+------------------------------------+---------------------------------------------+


+------------------------------------------------------------------------------------------------------------+
; Analysis & Synthesis Settings                                                                              ;
+------------------------------------------------------------------+--------------------+--------------------+
; Option                                                           ; Setting            ; Default Value      ;
+------------------------------------------------------------------+--------------------+--------------------+
; Device                                                           ; 10M50DAF484C7G     ;                    ;
; Top-level entity name                                            ; practica3          ; practica3          ;
; Family name                                                      ; MAX 10             ; Cyclone V          ;
; Use smart compilation                                            ; Off                ; Off                ;
; Enable parallel Assembler and Timing Analyzer during compilation ; On                 ; On                 ;
; Enable compact report table                                      ; Off                ; Off                ;
; Restructure Multiplexers                                         ; Auto               ; Auto               ;
; Create Debugging Nodes for IP Cores                              ; Off                ; Off                ;
; Preserve fewer node names                                        ; On                 ; On                 ;
; Intel FPGA IP Evaluation Mode                                    ; Enable             ; Enable             ;
; Verilog Version                                                  ; Verilog_2001       ; Verilog_2001       ;
; VHDL Version                                                     ; VHDL_1993          ; VHDL_1993          ;
; State Machine Processing                                         ; Auto               ; Auto               ;
; Safe State Machine                                               ; Off                ; Off                ;
; Extract Verilog State Machines                                   ; On                 ; On                 ;
; Extract VHDL State Machines                                      ; On                 ; On                 ;
; Ignore Verilog initial constructs                                ; Off                ; Off                ;
; Iteration limit for constant Verilog loops                       ; 5000               ; 5000               ;
; Iteration limit for non-constant Verilog loops                   ; 250                ; 250                ;
; Add Pass-Through Logic to Inferred RAMs                          ; On                 ; On                 ;
; Infer RAMs from Raw Logic                                        ; On                 ; On                 ;
; Parallel Synthesis                                               ; On                 ; On                 ;
; DSP Block Balancing                                              ; Auto               ; Auto               ;
; NOT Gate Push-Back                                               ; On                 ; On                 ;
; Power-Up Don't Care                                              ; On                 ; On                 ;
; Remove Redundant Logic Cells                                     ; Off                ; Off                ;
; Remove Duplicate Registers                                       ; On                 ; On                 ;
; Ignore CARRY Buffers                                             ; Off                ; Off                ;
; Ignore CASCADE Buffers                                           ; Off                ; Off                ;
; Ignore GLOBAL Buffers                                            ; Off                ; Off                ;
; Ignore ROW GLOBAL Buffers                                        ; Off                ; Off                ;
; Ignore LCELL Buffers                                             ; Off                ; Off                ;
; Ignore SOFT Buffers                                              ; On                 ; On                 ;
; Limit AHDL Integers to 32 Bits                                   ; Off                ; Off                ;
; Optimization Technique                                           ; Balanced           ; Balanced           ;
; Carry Chain Length                                               ; 70                 ; 70                 ;
; Auto Carry Chains                                                ; On                 ; On                 ;
; Auto Open-Drain Pins                                             ; On                 ; On                 ;
; Perform WYSIWYG Primitive Resynthesis                            ; Off                ; Off                ;
; Auto ROM Replacement                                             ; On                 ; On                 ;
; Auto RAM Replacement                                             ; On                 ; On                 ;
; Auto DSP Block Replacement                                       ; On                 ; On                 ;
; Auto Shift Register Replacement                                  ; Auto               ; Auto               ;
; Allow Shift Register Merging across Hierarchies                  ; Auto               ; Auto               ;
; Auto Clock Enable Replacement                                    ; On                 ; On                 ;
; Strict RAM Replacement                                           ; Off                ; Off                ;
; Allow Synchronous Control Signals                                ; On                 ; On                 ;
; Force Use of Synchronous Clear Signals                           ; Off                ; Off                ;
; Auto RAM Block Balancing                                         ; On                 ; On                 ;
; Auto RAM to Logic Cell Conversion                                ; Off                ; Off                ;
; Auto Resource Sharing                                            ; Off                ; Off                ;
; Allow Any RAM Size For Recognition                               ; Off                ; Off                ;
; Allow Any ROM Size For Recognition                               ; Off                ; Off                ;
; Allow Any Shift Register Size For Recognition                    ; Off                ; Off                ;
; Use LogicLock Constraints during Resource Balancing              ; On                 ; On                 ;
; Ignore translate_off and synthesis_off directives                ; Off                ; Off                ;
; Timing-Driven Synthesis                                          ; On                 ; On                 ;
; Report Parameter Settings                                        ; On                 ; On                 ;
; Report Source Assignments                                        ; On                 ; On                 ;
; Report Connectivity Checks                                       ; On                 ; On                 ;
; Ignore Maximum Fan-Out Assignments                               ; Off                ; Off                ;
; Synchronization Register Chain Length                            ; 2                  ; 2                  ;
; Power Optimization During Synthesis                              ; Normal compilation ; Normal compilation ;
; HDL message level                                                ; Level2             ; Level2             ;
; Suppress Register Optimization Related Messages                  ; Off                ; Off                ;
; Number of Removed Registers Reported in Synthesis Report         ; 5000               ; 5000               ;
; Number of Swept Nodes Reported in Synthesis Report               ; 5000               ; 5000               ;
; Number of Inverted Registers Reported in Synthesis Report        ; 100                ; 100                ;
; Clock MUX Protection                                             ; On                 ; On                 ;
; Auto Gated Clock Conversion                                      ; Off                ; Off                ;
; Block Design Naming                                              ; Auto               ; Auto               ;
; SDC constraint protection                                        ; Off                ; Off                ;
; Synthesis Effort                                                 ; Auto               ; Auto               ;
; Shift Register Replacement - Allow Asynchronous Clear Signal     ; On                 ; On                 ;
; Pre-Mapping Resynthesis Optimization                             ; Off                ; Off                ;
; Analysis & Synthesis Message Level                               ; Medium             ; Medium             ;
; Disable Register Merging Across Hierarchies                      ; Auto               ; Auto               ;
; Resource Aware Inference For Block RAM                           ; On                 ; On                 ;
+------------------------------------------------------------------+--------------------+--------------------+


+------------------------------------------+
; Parallel Compilation                     ;
+----------------------------+-------------+
; Processors                 ; Number      ;
+----------------------------+-------------+
; Number detected on machine ; 2           ;
; Maximum allowed            ; 2           ;
;                            ;             ;
; Average used               ; 1.00        ;
; Maximum used               ; 2           ;
;                            ;             ;
; Usage by Processor         ; % Time Used ;
;     Processor 1            ; 100.0%      ;
;     Processor 2            ;   0.0%      ;
+----------------------------+-------------+


<<<<<<< HEAD
<<<<<<< HEAD
+------------------------------------------------------------------------------------------------------------------------------------------------------------------------------------------+
; Analysis & Synthesis Source Files Read                                                                                                                                                   ;
+----------------------------------+-----------------+------------------------------------+--------------------------------------------------------------------------------------+---------+
; File Name with User-Entered Path ; Used in Netlist ; File Type                          ; File Name with Absolute Path                                                         ; Library ;
+----------------------------------+-----------------+------------------------------------+--------------------------------------------------------------------------------------+---------+
; memory.vhd                       ; yes             ; User VHDL File                     ; C:/Users/alexi/OneDrive/Documentos/Universidad/OAC/practica03/memory.vhd             ;         ;
; div_frec.vhd                     ; yes             ; User VHDL File                     ; C:/Users/alexi/OneDrive/Documentos/Universidad/OAC/practica03/div_frec.vhd           ;         ;
; registro.vhd                     ; yes             ; User VHDL File                     ; C:/Users/alexi/OneDrive/Documentos/Universidad/OAC/practica03/registro.vhd           ;         ;
; concatenador_datos.vhd           ; yes             ; User VHDL File                     ; C:/Users/alexi/OneDrive/Documentos/Universidad/OAC/practica03/concatenador_datos.vhd ;         ;
; divisor_datos.vhd                ; yes             ; User VHDL File                     ; C:/Users/alexi/OneDrive/Documentos/Universidad/OAC/practica03/divisor_datos.vhd      ;         ;
; practica3.bdf                    ; yes             ; User Block Diagram/Schematic File  ; C:/Users/alexi/OneDrive/Documentos/Universidad/OAC/practica03/practica3.bdf          ;         ;
+----------------------------------+-----------------+------------------------------------+--------------------------------------------------------------------------------------+---------+
=======
=======
>>>>>>> 8b052fd8f1de3b2e6a912938a51f7765113d8464
+-------------------------------------------------------------------------------------------------------------------------------------------------------------------------------------+
; Analysis & Synthesis Source Files Read                                                                                                                                              ;
+----------------------------------+-----------------+------------------------------------+---------------------------------------------------------------------------------+---------+
; File Name with User-Entered Path ; Used in Netlist ; File Type                          ; File Name with Absolute Path                                                    ; Library ;
+----------------------------------+-----------------+------------------------------------+---------------------------------------------------------------------------------+---------+
; memory.vhd                       ; yes             ; User VHDL File                     ; C:/intelFPGA_lite/18.0/oac_practicas/OAC-main/practica03/memory.vhd             ;         ;
; div_frec.vhd                     ; yes             ; User VHDL File                     ; C:/intelFPGA_lite/18.0/oac_practicas/OAC-main/practica03/div_frec.vhd           ;         ;
; registro.vhd                     ; yes             ; User VHDL File                     ; C:/intelFPGA_lite/18.0/oac_practicas/OAC-main/practica03/registro.vhd           ;         ;
; concatenador_datos.vhd           ; yes             ; User VHDL File                     ; C:/intelFPGA_lite/18.0/oac_practicas/OAC-main/practica03/concatenador_datos.vhd ;         ;
; divisor_datos.vhd                ; yes             ; User VHDL File                     ; C:/intelFPGA_lite/18.0/oac_practicas/OAC-main/practica03/divisor_datos.vhd      ;         ;
; practica3.bdf                    ; yes             ; User Block Diagram/Schematic File  ; C:/intelFPGA_lite/18.0/oac_practicas/OAC-main/practica03/practica3.bdf          ;         ;
+----------------------------------+-----------------+------------------------------------+---------------------------------------------------------------------------------+---------+
<<<<<<< HEAD
>>>>>>> 8b052fd (Version practica 04)
=======
>>>>>>> 8b052fd8f1de3b2e6a912938a51f7765113d8464


+---------------------------------------------------------+
; Analysis & Synthesis Resource Usage Summary             ;
+---------------------------------------------+-----------+
; Resource                                    ; Usage     ;
+---------------------------------------------+-----------+
<<<<<<< HEAD
<<<<<<< HEAD
; Estimated Total logic elements              ; 37        ;
;                                             ;           ;
; Total combinational functions               ; 37        ;
; Logic element usage by number of LUT inputs ;           ;
;     -- 4 input functions                    ; 6         ;
;     -- 3 input functions                    ; 1         ;
;     -- <=2 input functions                  ; 30        ;
;                                             ;           ;
; Logic elements by mode                      ;           ;
;     -- normal mode                          ; 11        ;
;     -- arithmetic mode                      ; 26        ;
;                                             ;           ;
; Total registers                             ; 30        ;
;     -- Dedicated logic registers            ; 30        ;
=======
; Estimated Total logic elements              ; 38        ;
;                                             ;           ;
; Total combinational functions               ; 38        ;
; Logic element usage by number of LUT inputs ;           ;
;     -- 4 input functions                    ; 6         ;
;     -- 3 input functions                    ; 1         ;
;     -- <=2 input functions                  ; 31        ;
;                                             ;           ;
; Logic elements by mode                      ;           ;
;     -- normal mode                          ; 11        ;
;     -- arithmetic mode                      ; 27        ;
;                                             ;           ;
; Total registers                             ; 31        ;
;     -- Dedicated logic registers            ; 31        ;
>>>>>>> 8b052fd (Version practica 04)
=======
; Estimated Total logic elements              ; 38        ;
;                                             ;           ;
; Total combinational functions               ; 38        ;
; Logic element usage by number of LUT inputs ;           ;
;     -- 4 input functions                    ; 6         ;
;     -- 3 input functions                    ; 1         ;
;     -- <=2 input functions                  ; 31        ;
;                                             ;           ;
; Logic elements by mode                      ;           ;
;     -- normal mode                          ; 11        ;
;     -- arithmetic mode                      ; 27        ;
;                                             ;           ;
; Total registers                             ; 31        ;
;     -- Dedicated logic registers            ; 31        ;
>>>>>>> 8b052fd8f1de3b2e6a912938a51f7765113d8464
;     -- I/O registers                        ; 0         ;
;                                             ;           ;
; I/O pins                                    ; 14        ;
;                                             ;           ;
; Embedded Multiplier 9-bit elements          ; 0         ;
;                                             ;           ;
; Maximum fan-out node                        ; clk~input ;
<<<<<<< HEAD
<<<<<<< HEAD
; Maximum fan-out                             ; 27        ;
; Total fan-out                               ; 171       ;
=======
; Maximum fan-out                             ; 28        ;
; Total fan-out                               ; 175       ;
>>>>>>> 8b052fd (Version practica 04)
=======
; Maximum fan-out                             ; 28        ;
; Total fan-out                               ; 175       ;
>>>>>>> 8b052fd8f1de3b2e6a912938a51f7765113d8464
; Average fan-out                             ; 1.80      ;
+---------------------------------------------+-----------+


+------------------------------------------------------------------------------------------------------------------------------------------------------------------------------------------------------------------------------------------+
; Analysis & Synthesis Resource Utilization by Entity                                                                                                                                                                                      ;
+----------------------------+---------------------+---------------------------+-------------+------------+--------------+---------+-----------+------+--------------+------------+---------------------------+-------------+--------------+
; Compilation Hierarchy Node ; Combinational ALUTs ; Dedicated Logic Registers ; Memory Bits ; UFM Blocks ; DSP Elements ; DSP 9x9 ; DSP 18x18 ; Pins ; Virtual Pins ; ADC blocks ; Full Hierarchy Name       ; Entity Name ; Library Name ;
+----------------------------+---------------------+---------------------------+-------------+------------+--------------+---------+-----------+------+--------------+------------+---------------------------+-------------+--------------+
<<<<<<< HEAD
<<<<<<< HEAD
; |practica3                 ; 37 (0)              ; 30 (0)                    ; 0           ; 0          ; 0            ; 0       ; 0         ; 14   ; 0            ; 0          ; |practica3                ; practica3   ; work         ;
;    |div_frec:inst|         ; 27 (27)             ; 27 (27)                   ; 0           ; 0          ; 0            ; 0       ; 0         ; 0    ; 0            ; 0          ; |practica3|div_frec:inst  ; div_frec    ; work         ;
=======
; |practica3                 ; 38 (0)              ; 31 (0)                    ; 0           ; 0          ; 0            ; 0       ; 0         ; 14   ; 0            ; 0          ; |practica3                ; practica3   ; work         ;
;    |div_frec:inst|         ; 28 (28)             ; 28 (28)                   ; 0           ; 0          ; 0            ; 0       ; 0         ; 0    ; 0            ; 0          ; |practica3|div_frec:inst  ; div_frec    ; work         ;
>>>>>>> 8b052fd (Version practica 04)
=======
; |practica3                 ; 38 (0)              ; 31 (0)                    ; 0           ; 0          ; 0            ; 0       ; 0         ; 14   ; 0            ; 0          ; |practica3                ; practica3   ; work         ;
;    |div_frec:inst|         ; 28 (28)             ; 28 (28)                   ; 0           ; 0          ; 0            ; 0       ; 0         ; 0    ; 0            ; 0          ; |practica3|div_frec:inst  ; div_frec    ; work         ;
>>>>>>> 8b052fd8f1de3b2e6a912938a51f7765113d8464
;    |memory:inst4|          ; 9 (9)               ; 0 (0)                     ; 0           ; 0          ; 0            ; 0       ; 0         ; 0    ; 0            ; 0          ; |practica3|memory:inst4   ; memory      ; work         ;
;    |registro:inst2|        ; 1 (1)               ; 3 (3)                     ; 0           ; 0          ; 0            ; 0       ; 0         ; 0    ; 0            ; 0          ; |practica3|registro:inst2 ; registro    ; work         ;
+----------------------------+---------------------+---------------------------+-------------+------------+--------------+---------+-----------+------+--------------+------------+---------------------------+-------------+--------------+
Note: For table entries with two numbers listed, the numbers in parentheses indicate the number of resources of the given type used by the specific entity alone. The numbers listed outside of parentheses indicate the total resources of the given type used by the specific entity and all of its sub-entities in the hierarchy.


+------------------------------------------------------------+
; Registers Removed During Synthesis                         ;
+---------------------------------------+--------------------+
; Register name                         ; Reason for Removal ;
+---------------------------------------+--------------------+
; div_frec:inst|cuenta[27]              ; Lost fanout        ;
; Total Number of Removed Registers = 1 ;                    ;
+---------------------------------------+--------------------+


+------------------------------------------------------+
; General Register Statistics                          ;
+----------------------------------------------+-------+
; Statistic                                    ; Value ;
+----------------------------------------------+-------+
<<<<<<< HEAD
<<<<<<< HEAD
; Total registers                              ; 30    ;
=======
; Total registers                              ; 31    ;
>>>>>>> 8b052fd (Version practica 04)
=======
; Total registers                              ; 31    ;
>>>>>>> 8b052fd8f1de3b2e6a912938a51f7765113d8464
; Number of registers using Synchronous Clear  ; 0     ;
; Number of registers using Synchronous Load   ; 0     ;
; Number of registers using Asynchronous Clear ; 3     ;
; Number of registers using Asynchronous Load  ; 0     ;
; Number of registers using Clock Enable       ; 0     ;
; Number of registers using Preset             ; 0     ;
+----------------------------------------------+-------+


+-----------------------------------------------------+
; Post-Synthesis Netlist Statistics for Top Partition ;
+-----------------------+-----------------------------+
; Type                  ; Count                       ;
+-----------------------+-----------------------------+
; boundary_port         ; 14                          ;
<<<<<<< HEAD
<<<<<<< HEAD
; cycloneiii_ff         ; 30                          ;
;     CLR               ; 3                           ;
;     plain             ; 27                          ;
; cycloneiii_lcell_comb ; 40                          ;
;     arith             ; 26                          ;
;         2 data inputs ; 26                          ;
=======
=======
>>>>>>> 8b052fd8f1de3b2e6a912938a51f7765113d8464
; cycloneiii_ff         ; 31                          ;
;     CLR               ; 3                           ;
;     plain             ; 28                          ;
; cycloneiii_lcell_comb ; 41                          ;
;     arith             ; 27                          ;
;         2 data inputs ; 27                          ;
<<<<<<< HEAD
>>>>>>> 8b052fd (Version practica 04)
=======
>>>>>>> 8b052fd8f1de3b2e6a912938a51f7765113d8464
;     normal            ; 14                          ;
;         1 data inputs ; 5                           ;
;         2 data inputs ; 2                           ;
;         3 data inputs ; 1                           ;
;         4 data inputs ; 6                           ;
;                       ;                             ;
<<<<<<< HEAD
<<<<<<< HEAD
; Max LUT depth         ; 3.60                        ;
; Average LUT depth     ; 2.58                        ;
=======
; Max LUT depth         ; 3.70                        ;
; Average LUT depth     ; 2.66                        ;
>>>>>>> 8b052fd (Version practica 04)
=======
; Max LUT depth         ; 3.70                        ;
; Average LUT depth     ; 2.66                        ;
>>>>>>> 8b052fd8f1de3b2e6a912938a51f7765113d8464
+-----------------------+-----------------------------+


+-------------------------------+
; Elapsed Time Per Partition    ;
+----------------+--------------+
; Partition Name ; Elapsed Time ;
+----------------+--------------+
; Top            ; 00:00:01     ;
+----------------+--------------+


+-------------------------------+
; Analysis & Synthesis Messages ;
+-------------------------------+
Info: *******************************************************************
Info: Running Quartus Prime Analysis & Synthesis
    Info: Version 18.0.0 Build 614 04/24/2018 SJ Lite Edition
<<<<<<< HEAD
<<<<<<< HEAD
    Info: Processing started: Fri Mar 24 00:33:52 2023
=======
    Info: Processing started: Fri Mar 24 08:55:09 2023
>>>>>>> 8b052fd (Version practica 04)
=======
    Info: Processing started: Fri Mar 24 08:55:09 2023
>>>>>>> 8b052fd8f1de3b2e6a912938a51f7765113d8464
Info: Command: quartus_map --read_settings_files=on --write_settings_files=off practica3 -c practica3
Warning (18236): Number of processors has not been specified which may cause overloading on shared machines.  Set the global assignment NUM_PARALLEL_PROCESSORS in your QSF to an appropriate value for best performance.
Info (20030): Parallel compilation is enabled and will use 2 of the 2 processors detected
Info (12021): Found 2 design units, including 1 entities, in source file memory.vhd
<<<<<<< HEAD
<<<<<<< HEAD
    Info (12022): Found design unit 1: memory-behavioral File: C:/Users/alexi/OneDrive/Documentos/Universidad/OAC/practica03/memory.vhd Line: 13
    Info (12023): Found entity 1: memory File: C:/Users/alexi/OneDrive/Documentos/Universidad/OAC/practica03/memory.vhd Line: 7
Info (12021): Found 2 design units, including 1 entities, in source file div_frec.vhd
    Info (12022): Found design unit 1: div_frec-behavioral File: C:/Users/alexi/OneDrive/Documentos/Universidad/OAC/practica03/div_frec.vhd Line: 12
    Info (12023): Found entity 1: div_frec File: C:/Users/alexi/OneDrive/Documentos/Universidad/OAC/practica03/div_frec.vhd Line: 7
Info (12021): Found 2 design units, including 1 entities, in source file registro.vhd
    Info (12022): Found design unit 1: registro-behavioral File: C:/Users/alexi/OneDrive/Documentos/Universidad/OAC/practica03/registro.vhd Line: 13
    Info (12023): Found entity 1: registro File: C:/Users/alexi/OneDrive/Documentos/Universidad/OAC/practica03/registro.vhd Line: 5
Info (12021): Found 2 design units, including 1 entities, in source file concatenador_datos.vhd
    Info (12022): Found design unit 1: concatenador_datos-behavioral File: C:/Users/alexi/OneDrive/Documentos/Universidad/OAC/practica03/concatenador_datos.vhd Line: 14
    Info (12023): Found entity 1: concatenador_datos File: C:/Users/alexi/OneDrive/Documentos/Universidad/OAC/practica03/concatenador_datos.vhd Line: 7
Info (12021): Found 2 design units, including 1 entities, in source file divisor_datos.vhd
    Info (12022): Found design unit 1: divisor_datos-behavioral File: C:/Users/alexi/OneDrive/Documentos/Universidad/OAC/practica03/divisor_datos.vhd Line: 13
    Info (12023): Found entity 1: divisor_datos File: C:/Users/alexi/OneDrive/Documentos/Universidad/OAC/practica03/divisor_datos.vhd Line: 6
=======
    Info (12022): Found design unit 1: memory-behavioral File: C:/intelFPGA_lite/18.0/oac_practicas/OAC-main/practica03/memory.vhd Line: 13
    Info (12023): Found entity 1: memory File: C:/intelFPGA_lite/18.0/oac_practicas/OAC-main/practica03/memory.vhd Line: 7
Info (12021): Found 2 design units, including 1 entities, in source file div_frec.vhd
    Info (12022): Found design unit 1: div_frec-behavioral File: C:/intelFPGA_lite/18.0/oac_practicas/OAC-main/practica03/div_frec.vhd Line: 12
    Info (12023): Found entity 1: div_frec File: C:/intelFPGA_lite/18.0/oac_practicas/OAC-main/practica03/div_frec.vhd Line: 7
Info (12021): Found 2 design units, including 1 entities, in source file registro.vhd
    Info (12022): Found design unit 1: registro-behavioral File: C:/intelFPGA_lite/18.0/oac_practicas/OAC-main/practica03/registro.vhd Line: 13
    Info (12023): Found entity 1: registro File: C:/intelFPGA_lite/18.0/oac_practicas/OAC-main/practica03/registro.vhd Line: 5
Info (12021): Found 2 design units, including 1 entities, in source file concatenador_datos.vhd
    Info (12022): Found design unit 1: concatenador_datos-behavioral File: C:/intelFPGA_lite/18.0/oac_practicas/OAC-main/practica03/concatenador_datos.vhd Line: 14
    Info (12023): Found entity 1: concatenador_datos File: C:/intelFPGA_lite/18.0/oac_practicas/OAC-main/practica03/concatenador_datos.vhd Line: 7
Info (12021): Found 2 design units, including 1 entities, in source file divisor_datos.vhd
    Info (12022): Found design unit 1: divisor_datos-behavioral File: C:/intelFPGA_lite/18.0/oac_practicas/OAC-main/practica03/divisor_datos.vhd Line: 13
    Info (12023): Found entity 1: divisor_datos File: C:/intelFPGA_lite/18.0/oac_practicas/OAC-main/practica03/divisor_datos.vhd Line: 6
>>>>>>> 8b052fd (Version practica 04)
=======
    Info (12022): Found design unit 1: memory-behavioral File: C:/intelFPGA_lite/18.0/oac_practicas/OAC-main/practica03/memory.vhd Line: 13
    Info (12023): Found entity 1: memory File: C:/intelFPGA_lite/18.0/oac_practicas/OAC-main/practica03/memory.vhd Line: 7
Info (12021): Found 2 design units, including 1 entities, in source file div_frec.vhd
    Info (12022): Found design unit 1: div_frec-behavioral File: C:/intelFPGA_lite/18.0/oac_practicas/OAC-main/practica03/div_frec.vhd Line: 12
    Info (12023): Found entity 1: div_frec File: C:/intelFPGA_lite/18.0/oac_practicas/OAC-main/practica03/div_frec.vhd Line: 7
Info (12021): Found 2 design units, including 1 entities, in source file registro.vhd
    Info (12022): Found design unit 1: registro-behavioral File: C:/intelFPGA_lite/18.0/oac_practicas/OAC-main/practica03/registro.vhd Line: 13
    Info (12023): Found entity 1: registro File: C:/intelFPGA_lite/18.0/oac_practicas/OAC-main/practica03/registro.vhd Line: 5
Info (12021): Found 2 design units, including 1 entities, in source file concatenador_datos.vhd
    Info (12022): Found design unit 1: concatenador_datos-behavioral File: C:/intelFPGA_lite/18.0/oac_practicas/OAC-main/practica03/concatenador_datos.vhd Line: 14
    Info (12023): Found entity 1: concatenador_datos File: C:/intelFPGA_lite/18.0/oac_practicas/OAC-main/practica03/concatenador_datos.vhd Line: 7
Info (12021): Found 2 design units, including 1 entities, in source file divisor_datos.vhd
    Info (12022): Found design unit 1: divisor_datos-behavioral File: C:/intelFPGA_lite/18.0/oac_practicas/OAC-main/practica03/divisor_datos.vhd Line: 13
    Info (12023): Found entity 1: divisor_datos File: C:/intelFPGA_lite/18.0/oac_practicas/OAC-main/practica03/divisor_datos.vhd Line: 6
>>>>>>> 8b052fd8f1de3b2e6a912938a51f7765113d8464
Info (12021): Found 1 design units, including 1 entities, in source file practica3.bdf
    Info (12023): Found entity 1: practica3
Info (12127): Elaborating entity "practica3" for the top level hierarchy
Info (12128): Elaborating entity "registro" for hierarchy "registro:inst2"
Info (12128): Elaborating entity "div_frec" for hierarchy "div_frec:inst"
Info (12128): Elaborating entity "divisor_datos" for hierarchy "divisor_datos:inst5"
Info (12128): Elaborating entity "memory" for hierarchy "memory:inst4"
<<<<<<< HEAD
<<<<<<< HEAD
Warning (10492): VHDL Process Statement warning at memory.vhd(90): signal "internal_mem" is read inside the Process Statement but isn't in the Process Statement's sensitivity list File: C:/Users/alexi/OneDrive/Documentos/Universidad/OAC/practica03/memory.vhd Line: 90
Warning (10873): Using initial value X (don't care) for net "internal_mem[6..7]" at memory.vhd(15) File: C:/Users/alexi/OneDrive/Documentos/Universidad/OAC/practica03/memory.vhd Line: 15
Warning (10873): Using initial value X (don't care) for net "internal_mem[14..15]" at memory.vhd(15) File: C:/Users/alexi/OneDrive/Documentos/Universidad/OAC/practica03/memory.vhd Line: 15
Warning (10873): Using initial value X (don't care) for net "internal_mem[22..23]" at memory.vhd(15) File: C:/Users/alexi/OneDrive/Documentos/Universidad/OAC/practica03/memory.vhd Line: 15
Warning (10873): Using initial value X (don't care) for net "internal_mem[30..31]" at memory.vhd(15) File: C:/Users/alexi/OneDrive/Documentos/Universidad/OAC/practica03/memory.vhd Line: 15
Warning (10873): Using initial value X (don't care) for net "internal_mem[38..39]" at memory.vhd(15) File: C:/Users/alexi/OneDrive/Documentos/Universidad/OAC/practica03/memory.vhd Line: 15
Warning (10873): Using initial value X (don't care) for net "internal_mem[46..47]" at memory.vhd(15) File: C:/Users/alexi/OneDrive/Documentos/Universidad/OAC/practica03/memory.vhd Line: 15
Warning (10873): Using initial value X (don't care) for net "internal_mem[54..55]" at memory.vhd(15) File: C:/Users/alexi/OneDrive/Documentos/Universidad/OAC/practica03/memory.vhd Line: 15
=======
=======
>>>>>>> 8b052fd8f1de3b2e6a912938a51f7765113d8464
Warning (10492): VHDL Process Statement warning at memory.vhd(90): signal "internal_mem" is read inside the Process Statement but isn't in the Process Statement's sensitivity list File: C:/intelFPGA_lite/18.0/oac_practicas/OAC-main/practica03/memory.vhd Line: 90
Warning (10873): Using initial value X (don't care) for net "internal_mem[6..7]" at memory.vhd(15) File: C:/intelFPGA_lite/18.0/oac_practicas/OAC-main/practica03/memory.vhd Line: 15
Warning (10873): Using initial value X (don't care) for net "internal_mem[14..15]" at memory.vhd(15) File: C:/intelFPGA_lite/18.0/oac_practicas/OAC-main/practica03/memory.vhd Line: 15
Warning (10873): Using initial value X (don't care) for net "internal_mem[22..23]" at memory.vhd(15) File: C:/intelFPGA_lite/18.0/oac_practicas/OAC-main/practica03/memory.vhd Line: 15
Warning (10873): Using initial value X (don't care) for net "internal_mem[30..31]" at memory.vhd(15) File: C:/intelFPGA_lite/18.0/oac_practicas/OAC-main/practica03/memory.vhd Line: 15
Warning (10873): Using initial value X (don't care) for net "internal_mem[38..39]" at memory.vhd(15) File: C:/intelFPGA_lite/18.0/oac_practicas/OAC-main/practica03/memory.vhd Line: 15
Warning (10873): Using initial value X (don't care) for net "internal_mem[46..47]" at memory.vhd(15) File: C:/intelFPGA_lite/18.0/oac_practicas/OAC-main/practica03/memory.vhd Line: 15
Warning (10873): Using initial value X (don't care) for net "internal_mem[54..55]" at memory.vhd(15) File: C:/intelFPGA_lite/18.0/oac_practicas/OAC-main/practica03/memory.vhd Line: 15
<<<<<<< HEAD
>>>>>>> 8b052fd (Version practica 04)
=======
>>>>>>> 8b052fd8f1de3b2e6a912938a51f7765113d8464
Info (12128): Elaborating entity "concatenador_datos" for hierarchy "concatenador_datos:inst3"
Info (286030): Timing-Driven Synthesis is running
Info (17049): 1 registers lost all their fanouts during netlist optimizations.
Info (16010): Generating hard_block partition "hard_block:auto_generated_inst"
    Info (16011): Adding 0 node(s), including 0 DDIO, 0 PLL, 0 transceiver and 0 LCELL
<<<<<<< HEAD
<<<<<<< HEAD
Info (21057): Implemented 53 device resources after synthesis - the final resource count might be different
    Info (21058): Implemented 5 input pins
    Info (21059): Implemented 9 output pins
    Info (21061): Implemented 39 logic cells
Info: Quartus Prime Analysis & Synthesis was successful. 0 errors, 9 warnings
    Info: Peak virtual memory: 4783 megabytes
    Info: Processing ended: Fri Mar 24 00:34:42 2023
    Info: Elapsed time: 00:00:50
    Info: Total CPU time (on all processors): 00:01:17
=======
Info (21057): Implemented 54 device resources after synthesis - the final resource count might be different
    Info (21058): Implemented 5 input pins
    Info (21059): Implemented 9 output pins
=======
Info (21057): Implemented 54 device resources after synthesis - the final resource count might be different
    Info (21058): Implemented 5 input pins
    Info (21059): Implemented 9 output pins
>>>>>>> 8b052fd8f1de3b2e6a912938a51f7765113d8464
    Info (21061): Implemented 40 logic cells
Info: Quartus Prime Analysis & Synthesis was successful. 0 errors, 9 warnings
    Info: Peak virtual memory: 4787 megabytes
    Info: Processing ended: Fri Mar 24 08:55:34 2023
    Info: Elapsed time: 00:00:25
    Info: Total CPU time (on all processors): 00:00:37
<<<<<<< HEAD
>>>>>>> 8b052fd (Version practica 04)
=======
>>>>>>> 8b052fd8f1de3b2e6a912938a51f7765113d8464


